[ 2016-05-30T10:43:37+08:00 ] 192.168.8.2 /
INFO: [ app_init ] --START--
INFO: Run Behavior\BuildLiteBehavior [ RunTime:0.000036s ]
INFO: [ app_init ] --END-- [ RunTime:0.000180s ]
INFO: [ app_begin ] --START--
INFO: Run Behavior\ReadHtmlCacheBehavior [ RunTime:0.002328s ]
INFO: [ app_begin ] --END-- [ RunTime:0.002540s ]
INFO: [ view_parse ] --START--
INFO: [ template_filter ] --START--
INFO: Run Behavior\ContentReplaceBehavior [ RunTime:0.000072s ]
INFO: [ template_filter ] --END-- [ RunTime:0.000234s ]
INFO: Run Behavior\ParseTemplateBehavior [ RunTime:0.022761s ]
INFO: [ view_parse ] --END-- [ RunTime:0.023054s ]
INFO: [ view_filter ] --START--
INFO: Run Behavior\WriteHtmlCacheBehavior [ RunTime:0.000990s ]
INFO: [ view_filter ] --END-- [ RunTime:0.001085s ]
INFO: [ app_end ] --START--
INFO: Run Behavior\ShowPageTraceBehavior [ RunTime:0.001324s ]
INFO: [ app_end ] --END-- [ RunTime:0.001372s ]

[ 2016-05-30T10:43:43+08:00 ] 192.168.8.183 /
INFO: [ app_init ] --START--
INFO: Run Behavior\BuildLiteBehavior [ RunTime:0.000013s ]
INFO: [ app_init ] --END-- [ RunTime:0.000113s ]
INFO: [ app_begin ] --START--
INFO: Run Behavior\ReadHtmlCacheBehavior [ RunTime:0.000126s ]
INFO: [ app_begin ] --END-- [ RunTime:0.000159s ]
INFO: [ view_parse ] --START--
INFO: Run Behavior\ParseTemplateBehavior [ RunTime:0.000300s ]
INFO: [ view_parse ] --END-- [ RunTime:0.000347s ]
INFO: [ view_filter ] --START--
INFO: Run Behavior\WriteHtmlCacheBehavior [ RunTime:0.000113s ]
INFO: [ view_filter ] --END-- [ RunTime:0.000146s ]
INFO: [ app_end ] --START--
INFO: Run Behavior\ShowPageTraceBehavior [ RunTime:0.000102s ]
INFO: [ app_end ] --END-- [ RunTime:0.000126s ]

[ 2016-05-30T10:45:23+08:00 ] 192.168.8.2 /login
INFO: [ app_init ] --START--
INFO: Run Behavior\BuildLiteBehavior [ RunTime:0.000021s ]
INFO: [ app_init ] --END-- [ RunTime:0.000139s ]
INFO: [ app_begin ] --START--
INFO: Run Behavior\ReadHtmlCacheBehavior [ RunTime:0.000069s ]
INFO: [ app_begin ] --END-- [ RunTime:0.000133s ]
ERR: 无法加载控制器:Login

[ 2016-05-30T10:45:27+08:00 ] 192.168.8.183 /login
INFO: [ app_init ] --START--
INFO: Run Behavior\BuildLiteBehavior [ RunTime:0.000009s ]
INFO: [ app_init ] --END-- [ RunTime:0.000074s ]
INFO: [ app_begin ] --START--
INFO: Run Behavior\ReadHtmlCacheBehavior [ RunTime:0.000058s ]
INFO: [ app_begin ] --END-- [ RunTime:0.000087s ]
ERR: 无法加载控制器:Login

[ 2016-05-30T10:47:05+08:00 ] ::1 /sdcms/index.php?m=admin&c=index&a=public_session_life
INFO: [ app_init ] --START--
INFO: Run Behavior\BuildLiteBehavior [ RunTime:0.000036s ]
INFO: [ app_init ] --END-- [ RunTime:0.000345s ]
INFO: [ app_begin ] --START--
INFO: Run Behavior\ReadHtmlCacheBehavior [ RunTime:0.000205s ]
INFO: [ app_begin ] --END-- [ RunTime:0.000265s ]
ERR: 无法加载控制器:Sdcms

[ 2016-05-30T10:47:28+08:00 ] 192.168.8.2 /login
INFO: [ app_init ] --START--
INFO: Run Behavior\BuildLiteBehavior [ RunTime:0.000016s ]
INFO: [ app_init ] --END-- [ RunTime:0.000115s ]
INFO: [ app_begin ] --START--
INFO: Run Behavior\ReadHtmlCacheBehavior [ RunTime:0.000060s ]
INFO: [ app_begin ] --END-- [ RunTime:0.000091s ]
ERR: 无法加载控制器:C=Index&a=login

[ 2016-05-30T10:47:50+08:00 ] 192.168.8.2 /
INFO: [ app_init ] --START--
INFO: Run Behavior\BuildLiteBehavior [ RunTime:0.000030s ]
INFO: [ app_init ] --END-- [ RunTime:0.000199s ]
INFO: [ app_begin ] --START--
INFO: Run Behavior\ReadHtmlCacheBehavior [ RunTime:0.000297s ]
INFO: [ app_begin ] --END-- [ RunTime:0.001021s ]
INFO: [ view_parse ] --START--
INFO: Run Behavior\ParseTemplateBehavior [ RunTime:0.000313s ]
INFO: [ view_parse ] --END-- [ RunTime:0.000404s ]
INFO: [ view_filter ] --START--
INFO: Run Behavior\WriteHtmlCacheBehavior [ RunTime:0.000234s ]
INFO: [ view_filter ] --END-- [ RunTime:0.000286s ]
INFO: [ app_end ] --START--
INFO: Run Behavior\ShowPageTraceBehavior [ RunTime:0.000280s ]
INFO: [ app_end ] --END-- [ RunTime:0.000343s ]

[ 2016-05-30T10:47:50+08:00 ] 192.168.8.2 /favicon.ico
INFO: [ app_init ] --START--
INFO: Run Behavior\BuildLiteBehavior [ RunTime:0.000016s ]
INFO: [ app_init ] --END-- [ RunTime:0.000098s ]

[ 2016-05-30T10:47:53+08:00 ] 192.168.8.183 /login
INFO: [ app_init ] --START--
INFO: Run Behavior\BuildLiteBehavior [ RunTime:0.000024s ]
INFO: [ app_init ] --END-- [ RunTime:0.000286s ]
INFO: [ app_begin ] --START--
INFO: Run Behavior\ReadHtmlCacheBehavior [ RunTime:0.000226s ]
INFO: [ app_begin ] --END-- [ RunTime:0.000290s ]
ERR: 无法加载控制器:Login

[ 2016-05-30T10:47:57+08:00 ] 192.168.8.183 /login
INFO: [ app_init ] --START--
INFO: Run Behavior\BuildLiteBehavior [ RunTime:0.000009s ]
INFO: [ app_init ] --END-- [ RunTime:0.000096s ]
INFO: [ app_begin ] --START--
INFO: Run Behavior\ReadHtmlCacheBehavior [ RunTime:0.000058s ]
INFO: [ app_begin ] --END-- [ RunTime:0.000087s ]
ERR: 无法加载控制器:Login

[ 2016-05-30T10:48:10+08:00 ] 192.168.8.183 /login
INFO: [ app_init ] --START--
INFO: Run Behavior\BuildLiteBehavior [ RunTime:0.000016s ]
INFO: [ app_init ] --END-- [ RunTime:0.000166s ]
INFO: [ app_begin ] --START--
INFO: Run Behavior\ReadHtmlCacheBehavior [ RunTime:0.000098s ]
INFO: [ app_begin ] --END-- [ RunTime:0.000157s ]
ERR: 无法加载控制器:Login

[ 2016-05-30T10:48:10+08:00 ] 192.168.8.2 /login
INFO: [ app_init ] --START--
INFO: Run Behavior\BuildLiteBehavior [ RunTime:0.000011s ]
INFO: [ app_init ] --END-- [ RunTime:0.000064s ]
INFO: [ app_begin ] --START--
INFO: Run Behavior\ReadHtmlCacheBehavior [ RunTime:0.000121s ]
INFO: [ app_begin ] --END-- [ RunTime:0.000153s ]
ERR: 无法加载控制器:Login

[ 2016-05-30T10:48:21+08:00 ] 192.168.8.183 /login
INFO: [ app_init ] --START--
INFO: Run Behavior\BuildLiteBehavior [ RunTime:0.000016s ]
INFO: [ app_init ] --END-- [ RunTime:0.000207s ]
INFO: [ app_begin ] --START--
INFO: Run Behavior\ReadHtmlCacheBehavior [ RunTime:0.000058s ]
INFO: [ app_begin ] --END-- [ RunTime:0.000089s ]
ERR: 无法加载控制器:Login

[ 2016-05-30T10:48:38+08:00 ] 192.168.8.183 /login
INFO: [ app_init ] --START--
INFO: Run Behavior\BuildLiteBehavior [ RunTime:0.000015s ]
INFO: [ app_init ] --END-- [ RunTime:0.000108s ]
INFO: [ app_begin ] --START--
INFO: Run Behavior\ReadHtmlCacheBehavior [ RunTime:0.000092s ]
INFO: [ app_begin ] --END-- [ RunTime:0.000138s ]
ERR: 无法加载控制器:Login

[ 2016-05-30T10:48:40+08:00 ] 192.168.8.183 /login
INFO: [ app_init ] --START--
INFO: Run Behavior\BuildLiteBehavior [ RunTime:0.000011s ]
INFO: [ app_init ] --END-- [ RunTime:0.000081s ]
INFO: [ app_begin ] --START--
INFO: Run Behavior\ReadHtmlCacheBehavior [ RunTime:0.000074s ]
INFO: [ app_begin ] --END-- [ RunTime:0.000117s ]
ERR: 无法加载控制器:Login

[ 2016-05-30T10:48:43+08:00 ] 192.168.8.183 /login
INFO: [ app_init ] --START--
INFO: Run Behavior\BuildLiteBehavior [ RunTime:0.000015s ]
INFO: [ app_init ] --END-- [ RunTime:0.000114s ]
INFO: [ app_begin ] --START--
INFO: Run Behavior\ReadHtmlCacheBehavior [ RunTime:0.000090s ]
INFO: [ app_begin ] --END-- [ RunTime:0.000138s ]
ERR: 无法加载控制器:Login

[ 2016-05-30T10:48:44+08:00 ] 192.168.8.183 /login
INFO: [ app_init ] --START--
INFO: Run Behavior\BuildLiteBehavior [ RunTime:0.000011s ]
INFO: [ app_init ] --END-- [ RunTime:0.000070s ]
INFO: [ app_begin ] --START--
INFO: Run Behavior\ReadHtmlCacheBehavior [ RunTime:0.000047s ]
INFO: [ app_begin ] --END-- [ RunTime:0.000074s ]
ERR: 无法加载控制器:Login

[ 2016-05-30T10:48:55+08:00 ] 192.168.8.183 /login
INFO: [ app_init ] --START--
INFO: Run Behavior\BuildLiteBehavior [ RunTime:0.000010s ]
INFO: [ app_init ] --END-- [ RunTime:0.000077s ]
INFO: [ app_begin ] --START--
INFO: Run Behavior\ReadHtmlCacheBehavior [ RunTime:0.000059s ]
INFO: [ app_begin ] --END-- [ RunTime:0.000089s ]
ERR: 无法加载控制器:Login

[ 2016-05-30T10:48:57+08:00 ] 192.168.8.183 /login
INFO: [ app_init ] --START--
INFO: Run Behavior\BuildLiteBehavior [ RunTime:0.000021s ]
INFO: [ app_init ] --END-- [ RunTime:0.000166s ]
INFO: [ app_begin ] --START--
INFO: Run Behavior\ReadHtmlCacheBehavior [ RunTime:0.000136s ]
INFO: [ app_begin ] --END-- [ RunTime:0.000203s ]
ERR: 无法加载控制器:Login

[ 2016-05-30T10:49:11+08:00 ] 192.168.8.2 /login
INFO: [ app_init ] --START--
INFO: Run Behavior\BuildLiteBehavior [ RunTime:0.000017s ]
INFO: [ app_init ] --END-- [ RunTime:0.000125s ]
INFO: [ app_begin ] --START--
INFO: Run Behavior\ReadHtmlCacheBehavior [ RunTime:0.000204s ]
INFO: [ app_begin ] --END-- [ RunTime:0.000263s ]
ERR: 无法加载控制器:Login

[ 2016-05-30T10:49:26+08:00 ] 192.168.8.183 /login
INFO: [ app_init ] --START--
INFO: Run Behavior\BuildLiteBehavior [ RunTime:0.000026s ]
INFO: [ app_init ] --END-- [ RunTime:0.000136s ]
INFO: [ app_begin ] --START--
INFO: Run Behavior\ReadHtmlCacheBehavior [ RunTime:0.000114s ]
INFO: [ app_begin ] --END-- [ RunTime:0.000178s ]
ERR: 无法加载控制器:Login

[ 2016-05-30T10:49:28+08:00 ] 192.168.8.183 /login
INFO: [ app_init ] --START--
INFO: Run Behavior\BuildLiteBehavior [ RunTime:0.000011s ]
INFO: [ app_init ] --END-- [ RunTime:0.000084s ]
INFO: [ app_begin ] --START--
INFO: Run Behavior\ReadHtmlCacheBehavior [ RunTime:0.000156s ]
INFO: [ app_begin ] --END-- [ RunTime:0.000223s ]
ERR: 无法加载控制器:Login

[ 2016-05-30T10:49:41+08:00 ] 192.168.8.183 /login
INFO: [ app_init ] --START--
INFO: Run Behavior\BuildLiteBehavior [ RunTime:0.000040s ]
INFO: [ app_init ] --END-- [ RunTime:0.000273s ]
INFO: [ app_begin ] --START--
INFO: Run Behavior\ReadHtmlCacheBehavior [ RunTime:0.000188s ]
INFO: [ app_begin ] --END-- [ RunTime:0.000293s ]
ERR: 非法操作:login

[ 2016-05-30T10:49:45+08:00 ] 192.168.8.183 /login
INFO: [ app_init ] --START--
INFO: Run Behavior\BuildLiteBehavior [ RunTime:0.000015s ]
INFO: [ app_init ] --END-- [ RunTime:0.000098s ]
INFO: [ app_begin ] --START--
INFO: Run Behavior\ReadHtmlCacheBehavior [ RunTime:0.000124s ]
INFO: [ app_begin ] --END-- [ RunTime:0.000191s ]
ERR: 非法操作:login

[ 2016-05-30T10:49:46+08:00 ] 192.168.8.2 /login
INFO: [ app_init ] --START--
INFO: Run Behavior\BuildLiteBehavior [ RunTime:0.000359s ]
INFO: [ app_init ] --END-- [ RunTime:0.000846s ]
INFO: [ app_begin ] --START--
INFO: Run Behavior\ReadHtmlCacheBehavior [ RunTime:0.000086s ]
INFO: [ app_begin ] --END-- [ RunTime:0.000141s ]
ERR: 非法操作:login

[ 2016-05-30T10:50:06+08:00 ] 192.168.8.183 /login
INFO: [ app_init ] --START--
INFO: Run Behavior\BuildLiteBehavior [ RunTime:0.000023s ]
INFO: [ app_init ] --END-- [ RunTime:0.000730s ]
INFO: [ app_begin ] --START--
INFO: Run Behavior\ReadHtmlCacheBehavior [ RunTime:0.000307s ]
INFO: [ app_begin ] --END-- [ RunTime:0.000396s ]
ERR: 非法操作:login

[ 2016-05-30T10:52:08+08:00 ] 192.168.8.183 /login
INFO: [ app_init ] --START--
INFO: Run Behavior\BuildLiteBehavior [ RunTime:0.000016s ]
INFO: [ app_init ] --END-- [ RunTime:0.000186s ]
INFO: [ app_begin ] --START--
INFO: Run Behavior\ReadHtmlCacheBehavior [ RunTime:0.000471s ]
INFO: [ app_begin ] --END-- [ RunTime:0.000559s ]
ERR: 参数错误或者未定义:username

[ 2016-05-30T10:52:11+08:00 ] 192.168.8.2 /
INFO: [ app_init ] --START--
INFO: Run Behavior\BuildLiteBehavior [ RunTime:0.000019s ]
INFO: [ app_init ] --END-- [ RunTime:0.000156s ]
INFO: [ app_begin ] --START--
INFO: Run Behavior\ReadHtmlCacheBehavior [ RunTime:0.000137s ]
INFO: [ app_begin ] --END-- [ RunTime:0.000180s ]
INFO: [ view_parse ] --START--
INFO: Run Behavior\ParseTemplateBehavior [ RunTime:0.000345s ]
INFO: [ view_parse ] --END-- [ RunTime:0.000397s ]
INFO: [ view_filter ] --START--
INFO: Run Behavior\WriteHtmlCacheBehavior [ RunTime:0.000140s ]
INFO: [ view_filter ] --END-- [ RunTime:0.000167s ]
INFO: [ app_end ] --START--
INFO: Run Behavior\ShowPageTraceBehavior [ RunTime:0.000121s ]
INFO: [ app_end ] --END-- [ RunTime:0.000148s ]

[ 2016-05-30T10:52:12+08:00 ] 192.168.8.2 /favicon.ico
INFO: [ app_init ] --START--
INFO: Run Behavior\BuildLiteBehavior [ RunTime:0.000022s ]
INFO: [ app_init ] --END-- [ RunTime:0.000128s ]

[ 2016-05-30T10:52:20+08:00 ] 192.168.8.2 /login
INFO: [ app_init ] --START--
INFO: Run Behavior\BuildLiteBehavior [ RunTime:0.000027s ]
INFO: [ app_init ] --END-- [ RunTime:0.000300s ]
INFO: [ app_begin ] --START--
INFO: Run Behavior\ReadHtmlCacheBehavior [ RunTime:0.000198s ]
INFO: [ app_begin ] --END-- [ RunTime:0.000302s ]
ERR: 参数错误或者未定义:username

[ 2016-05-30T10:55:40+08:00 ] 192.168.8.2 /login?username=zhangsan&pwd=123456
INFO: [ app_init ] --START--
INFO: Run Behavior\BuildLiteBehavior [ RunTime:0.000012s ]
INFO: [ app_init ] --END-- [ RunTime:0.000136s ]
INFO: [ app_begin ] --START--
INFO: Run Behavior\ReadHtmlCacheBehavior [ RunTime:0.000253s ]
INFO: [ app_begin ] --END-- [ RunTime:0.000322s ]
INFO: [ app_end ] --START--
INFO: Run Behavior\ShowPageTraceBehavior [ RunTime:0.000269s ]
INFO: [ app_end ] --END-- [ RunTime:0.000358s ]

[ 2016-05-30T10:56:25+08:00 ] 192.168.8.2 /login?username=zhangsan&pwd=123456
INFO: [ app_init ] --START--
INFO: Run Behavior\BuildLiteBehavior [ RunTime:0.000024s ]
INFO: [ app_init ] --END-- [ RunTime:0.000131s ]
INFO: [ app_begin ] --START--
INFO: Run Behavior\ReadHtmlCacheBehavior [ RunTime:0.000188s ]
INFO: [ app_begin ] --END-- [ RunTime:0.000303s ]

[ 2016-05-30T10:56:51+08:00 ] 192.168.8.2 /login?username=zhangsan&pwd=123456
INFO: [ app_init ] --START--
INFO: Run Behavior\BuildLiteBehavior [ RunTime:0.000054s ]
INFO: [ app_init ] --END-- [ RunTime:0.000388s ]
INFO: [ app_begin ] --START--
INFO: Run Behavior\ReadHtmlCacheBehavior [ RunTime:0.000117s ]
INFO: [ app_begin ] --END-- [ RunTime:0.000192s ]

[ 2016-05-30T10:56:58+08:00 ] 192.168.8.2 /login?username=zhangsan&pwd=123456
INFO: [ app_init ] --START--
INFO: Run Behavior\BuildLiteBehavior [ RunTime:0.000011s ]
INFO: [ app_init ] --END-- [ RunTime:0.000073s ]
INFO: [ app_begin ] --START--
INFO: Run Behavior\ReadHtmlCacheBehavior [ RunTime:0.000055s ]
INFO: [ app_begin ] --END-- [ RunTime:0.000085s ]

[ 2016-05-30T10:57:36+08:00 ] 192.168.8.2 /login?username=zhangsan&pwd=123456
INFO: [ app_init ] --START--
INFO: Run Behavior\BuildLiteBehavior [ RunTime:0.000021s ]
INFO: [ app_init ] --END-- [ RunTime:0.000153s ]
INFO: [ app_begin ] --START--
INFO: Run Behavior\ReadHtmlCacheBehavior [ RunTime:0.000097s ]
INFO: [ app_begin ] --END-- [ RunTime:0.000140s ]

[ 2016-05-30T10:57:38+08:00 ] 192.168.8.2 /login?username=zhangsan&pwd=123456
INFO: [ app_init ] --START--
INFO: Run Behavior\BuildLiteBehavior [ RunTime:0.000030s ]
INFO: [ app_init ] --END-- [ RunTime:0.000142s ]
INFO: [ app_begin ] --START--
INFO: Run Behavior\ReadHtmlCacheBehavior [ RunTime:0.000134s ]
INFO: [ app_begin ] --END-- [ RunTime:0.000196s ]

[ 2016-05-30T10:57:47+08:00 ] 192.168.8.2 /login?username=zhangsan&pwd=123456
INFO: [ app_init ] --START--
INFO: Run Behavior\BuildLiteBehavior [ RunTime:0.000013s ]
INFO: [ app_init ] --END-- [ RunTime:0.000118s ]
INFO: [ app_begin ] --START--
INFO: Run Behavior\ReadHtmlCacheBehavior [ RunTime:0.000139s ]
INFO: [ app_begin ] --END-- [ RunTime:0.000174s ]

[ 2016-05-30T10:58:20+08:00 ] 192.168.8.2 /login?username=zhangsan&pwd=123456
INFO: [ app_init ] --START--
INFO: Run Behavior\BuildLiteBehavior [ RunTime:0.000079s ]
INFO: [ app_init ] --END-- [ RunTime:0.000509s ]
INFO: [ app_begin ] --START--
INFO: Run Behavior\ReadHtmlCacheBehavior [ RunTime:0.000117s ]
INFO: [ app_begin ] --END-- [ RunTime:0.000194s ]

[ 2016-05-30T10:58:42+08:00 ] 192.168.8.2 /login?username=zhangsan&pwd=123456
INFO: [ app_init ] --START--
INFO: Run Behavior\BuildLiteBehavior [ RunTime:0.000022s ]
INFO: [ app_init ] --END-- [ RunTime:0.000127s ]
INFO: [ app_begin ] --START--
INFO: Run Behavior\ReadHtmlCacheBehavior [ RunTime:0.000062s ]
INFO: [ app_begin ] --END-- [ RunTime:0.000095s ]

[ 2016-05-30T11:01:10+08:00 ] 192.168.8.2 /login?username=zhangsan&pwd=123456
INFO: [ app_init ] --START--
INFO: Run Behavior\BuildLiteBehavior [ RunTime:0.000024s ]
INFO: [ app_init ] --END-- [ RunTime:0.000335s ]
INFO: [ app_begin ] --START--
INFO: Run Behavior\ReadHtmlCacheBehavior [ RunTime:0.000265s ]
INFO: [ app_begin ] --END-- [ RunTime:0.000351s ]

[ 2016-05-30T11:01:31+08:00 ] 192.168.8.2 /login?username=zhangsan&pwd=123456
INFO: [ app_init ] --START--
INFO: Run Behavior\BuildLiteBehavior [ RunTime:0.000027s ]
INFO: [ app_init ] --END-- [ RunTime:0.000163s ]
INFO: [ app_begin ] --START--
INFO: Run Behavior\ReadHtmlCacheBehavior [ RunTime:0.000453s ]
INFO: [ app_begin ] --END-- [ RunTime:0.000527s ]

[ 2016-05-30T11:01:32+08:00 ] 192.168.8.2 /banner?adKind=1
INFO: [ app_init ] --START--
INFO: Run Behavior\BuildLiteBehavior [ RunTime:0.000022s ]
INFO: [ app_init ] --END-- [ RunTime:0.000129s ]
INFO: [ app_begin ] --START--
INFO: Run Behavior\ReadHtmlCacheBehavior [ RunTime:0.000202s ]
INFO: [ app_begin ] --END-- [ RunTime:0.000425s ]
ERR: 非法操作:banner

[ 2016-05-30T11:01:32+08:00 ] 192.168.8.2 /banner?adKind=2
INFO: [ app_init ] --START--
INFO: Run Behavior\BuildLiteBehavior [ RunTime:0.000056s ]
INFO: [ app_init ] --END-- [ RunTime:0.000436s ]
INFO: [ app_begin ] --START--
INFO: Run Behavior\ReadHtmlCacheBehavior [ RunTime:0.000211s ]
INFO: [ app_begin ] --END-- [ RunTime:0.000280s ]
ERR: 非法操作:banner

[ 2016-05-30T11:02:13+08:00 ] 192.168.8.183 /login
INFO: [ app_init ] --START--
INFO: Run Behavior\BuildLiteBehavior [ RunTime:0.000033s ]
INFO: [ app_init ] --END-- [ RunTime:0.000390s ]
INFO: [ app_begin ] --START--
INFO: Run Behavior\ReadHtmlCacheBehavior [ RunTime:0.000188s ]
INFO: [ app_begin ] --END-- [ RunTime:0.000294s ]
ERR: 参数错误或者未定义:username

[ 2016-05-30T11:02:15+08:00 ] 192.168.8.183 /login
INFO: [ app_init ] --START--
INFO: Run Behavior\BuildLiteBehavior [ RunTime:0.000010s ]
INFO: [ app_init ] --END-- [ RunTime:0.000073s ]
INFO: [ app_begin ] --START--
INFO: Run Behavior\ReadHtmlCacheBehavior [ RunTime:0.000054s ]
INFO: [ app_begin ] --END-- [ RunTime:0.000084s ]
ERR: 参数错误或者未定义:username

[ 2016-05-30T11:02:17+08:00 ] 192.168.8.183 /login
INFO: [ app_init ] --START--
INFO: Run Behavior\BuildLiteBehavior [ RunTime:0.000038s ]
INFO: [ app_init ] --END-- [ RunTime:0.000253s ]
INFO: [ app_begin ] --START--
INFO: Run Behavior\ReadHtmlCacheBehavior [ RunTime:0.000120s ]
INFO: [ app_begin ] --END-- [ RunTime:0.000185s ]
ERR: 参数错误或者未定义:username

[ 2016-05-30T11:21:06+08:00 ] 192.168.8.183 /login
INFO: [ app_init ] --START--
INFO: Run Behavior\BuildLiteBehavior [ RunTime:0.000032s ]
INFO: [ app_init ] --END-- [ RunTime:0.001131s ]
INFO: [ app_begin ] --START--
INFO: Run Behavior\ReadHtmlCacheBehavior [ RunTime:0.000349s ]
INFO: [ app_begin ] --END-- [ RunTime:0.000493s ]
ERR: 参数错误或者未定义:username

[ 2016-05-30T11:21:11+08:00 ] 192.168.8.183 /banner
INFO: [ app_init ] --START--
INFO: Run Behavior\BuildLiteBehavior [ RunTime:0.000014s ]
INFO: [ app_init ] --END-- [ RunTime:0.000084s ]
INFO: [ app_begin ] --START--
INFO: Run Behavior\ReadHtmlCacheBehavior [ RunTime:0.000065s ]
INFO: [ app_begin ] --END-- [ RunTime:0.000103s ]
ERR: 参数错误或者未定义:adKind

[ 2016-05-30T11:21:17+08:00 ] 192.168.8.183 /login
INFO: [ app_init ] --START--
INFO: Run Behavior\BuildLiteBehavior [ RunTime:0.000026s ]
INFO: [ app_init ] --END-- [ RunTime:0.000237s ]
INFO: [ app_begin ] --START--
INFO: Run Behavior\ReadHtmlCacheBehavior [ RunTime:0.000201s ]
INFO: [ app_begin ] --END-- [ RunTime:0.000316s ]
ERR: 参数错误或者未定义:username

[ 2016-05-30T11:21:21+08:00 ] 192.168.8.2 /login?username=zhangsan&pwd=123456
INFO: [ app_init ] --START--
INFO: Run Behavior\BuildLiteBehavior [ RunTime:0.000014s ]
INFO: [ app_init ] --END-- [ RunTime:0.000131s ]
INFO: [ app_begin ] --START--
INFO: Run Behavior\ReadHtmlCacheBehavior [ RunTime:0.000240s ]
INFO: [ app_begin ] --END-- [ RunTime:0.000306s ]

[ 2016-05-30T11:21:22+08:00 ] 192.168.8.2 /banner?adKind=1
INFO: [ app_init ] --START--
INFO: Run Behavior\BuildLiteBehavior [ RunTime:0.002075s ]
INFO: [ app_init ] --END-- [ RunTime:0.003006s ]
INFO: [ app_begin ] --START--
INFO: Run Behavior\ReadHtmlCacheBehavior [ RunTime:0.000119s ]
INFO: [ app_begin ] --END-- [ RunTime:0.000200s ]

[ 2016-05-30T11:21:22+08:00 ] 192.168.8.2 /banner?adKind=2
INFO: [ app_init ] --START--
INFO: Run Behavior\BuildLiteBehavior [ RunTime:0.000037s ]
INFO: [ app_init ] --END-- [ RunTime:0.000304s ]
INFO: [ app_begin ] --START--
INFO: Run Behavior\ReadHtmlCacheBehavior [ RunTime:0.000286s ]
INFO: [ app_begin ] --END-- [ RunTime:0.000383s ]

[ 2016-05-30T11:21:22+08:00 ] 192.168.8.2 /seckill
INFO: [ app_init ] --START--
INFO: Run Behavior\BuildLiteBehavior [ RunTime:0.000031s ]
INFO: [ app_init ] --END-- [ RunTime:0.000182s ]
INFO: [ app_begin ] --START--
INFO: Run Behavior\ReadHtmlCacheBehavior [ RunTime:0.000112s ]
INFO: [ app_begin ] --END-- [ RunTime:0.000233s ]
ERR: 非法操作:seckill

[ 2016-05-30T11:21:22+08:00 ] 192.168.8.2 /getYourFav
INFO: [ app_init ] --START--
INFO: Run Behavior\BuildLiteBehavior [ RunTime:0.000025s ]
INFO: [ app_init ] --END-- [ RunTime:0.000366s ]
INFO: [ app_begin ] --START--
INFO: Run Behavior\ReadHtmlCacheBehavior [ RunTime:0.000289s ]
INFO: [ app_begin ] --END-- [ RunTime:0.000375s ]
ERR: 非法操作:getYourFav

[ 2016-05-30T11:24:52+08:00 ] 192.168.8.2 /login?username=zhangsan&pwd=123456
INFO: [ app_init ] --START--
INFO: Run Behavior\BuildLiteBehavior [ RunTime:0.000015s ]
INFO: [ app_init ] --END-- [ RunTime:0.000140s ]
INFO: [ app_begin ] --START--
INFO: Run Behavior\ReadHtmlCacheBehavior [ RunTime:0.000167s ]
INFO: [ app_begin ] --END-- [ RunTime:0.000208s ]

[ 2016-05-30T11:24:54+08:00 ] 192.168.8.2 /banner?adKind=1
INFO: [ app_init ] --START--
INFO: Run Behavior\BuildLiteBehavior [ RunTime:0.000022s ]
INFO: [ app_init ] --END-- [ RunTime:0.000159s ]
INFO: [ app_begin ] --START--
INFO: Run Behavior\ReadHtmlCacheBehavior [ RunTime:0.000128s ]
INFO: [ app_begin ] --END-- [ RunTime:0.000192s ]

[ 2016-05-30T11:24:54+08:00 ] 192.168.8.2 /seckill
INFO: [ app_init ] --START--
INFO: Run Behavior\BuildLiteBehavior [ RunTime:0.000030s ]
INFO: [ app_init ] --END-- [ RunTime:0.000388s ]
INFO: [ app_begin ] --START--
INFO: Run Behavior\ReadHtmlCacheBehavior [ RunTime:0.000134s ]
INFO: [ app_begin ] --END-- [ RunTime:0.000222s ]

[ 2016-05-30T11:24:54+08:00 ] 192.168.8.2 /banner?adKind=2
INFO: [ app_init ] --START--
INFO: Run Behavior\BuildLiteBehavior [ RunTime:0.000021s ]
INFO: [ app_init ] --END-- [ RunTime:0.000124s ]
INFO: [ app_begin ] --START--
INFO: Run Behavior\ReadHtmlCacheBehavior [ RunTime:0.000275s ]
INFO: [ app_begin ] --END-- [ RunTime:0.000360s ]

[ 2016-05-30T11:24:54+08:00 ] 192.168.8.2 /getYourFav
INFO: [ app_init ] --START--
INFO: Run Behavior\BuildLiteBehavior [ RunTime:0.000025s ]
INFO: [ app_init ] --END-- [ RunTime:0.000269s ]
INFO: [ app_begin ] --START--
INFO: Run Behavior\ReadHtmlCacheBehavior [ RunTime:0.000323s ]
INFO: [ app_begin ] --END-- [ RunTime:0.000429s ]

[ 2016-05-30T11:25:57+08:00 ] 192.168.8.2 /banner?adKind=2
INFO: [ app_init ] --START--
INFO: Run Behavior\BuildLiteBehavior [ RunTime:0.000044s ]
INFO: [ app_init ] --END-- [ RunTime:0.000311s ]
INFO: [ app_begin ] --START--
INFO: Run Behavior\ReadHtmlCacheBehavior [ RunTime:0.000121s ]
INFO: [ app_begin ] --END-- [ RunTime:0.000193s ]

[ 2016-05-30T11:25:57+08:00 ] 192.168.8.2 /seckill
INFO: [ app_init ] --START--
INFO: Run Behavior\BuildLiteBehavior [ RunTime:0.000023s ]
INFO: [ app_init ] --END-- [ RunTime:0.000142s ]
INFO: [ app_begin ] --START--
INFO: Run Behavior\ReadHtmlCacheBehavior [ RunTime:0.000136s ]
INFO: [ app_begin ] --END-- [ RunTime:0.000378s ]

[ 2016-05-30T11:25:57+08:00 ] 192.168.8.2 /banner?adKind=1
INFO: [ app_init ] --START--
INFO: Run Behavior\BuildLiteBehavior [ RunTime:0.000016s ]
INFO: [ app_init ] --END-- [ RunTime:0.000098s ]
INFO: [ app_begin ] --START--
INFO: Run Behavior\ReadHtmlCacheBehavior [ RunTime:0.000080s ]
INFO: [ app_begin ] --END-- [ RunTime:0.000130s ]

[ 2016-05-30T11:25:57+08:00 ] 192.168.8.2 /getYourFav
INFO: [ app_init ] --START--
INFO: Run Behavior\BuildLiteBehavior [ RunTime:0.000020s ]
INFO: [ app_init ] --END-- [ RunTime:0.000106s ]
INFO: [ app_begin ] --START--
INFO: Run Behavior\ReadHtmlCacheBehavior [ RunTime:0.000520s ]
INFO: [ app_begin ] --END-- [ RunTime:0.000679s ]

[ 2016-05-30T11:26:06+08:00 ] 192.168.8.2 /seckill
INFO: [ app_init ] --START--
INFO: Run Behavior\BuildLiteBehavior [ RunTime:0.000018s ]
INFO: [ app_init ] --END-- [ RunTime:0.000143s ]
INFO: [ app_begin ] --START--
INFO: Run Behavior\ReadHtmlCacheBehavior [ RunTime:0.000082s ]
INFO: [ app_begin ] --END-- [ RunTime:0.000122s ]

[ 2016-05-30T11:26:06+08:00 ] 192.168.8.2 /banner?adKind=1
INFO: [ app_init ] --START--
INFO: Run Behavior\BuildLiteBehavior [ RunTime:0.000048s ]
INFO: [ app_init ] --END-- [ RunTime:0.000170s ]
INFO: [ app_begin ] --START--
INFO: Run Behavior\ReadHtmlCacheBehavior [ RunTime:0.000167s ]
INFO: [ app_begin ] --END-- [ RunTime:0.000262s ]

[ 2016-05-30T11:26:06+08:00 ] 192.168.8.2 /banner?adKind=2
INFO: [ app_init ] --START--
INFO: Run Behavior\BuildLiteBehavior [ RunTime:0.000031s ]
INFO: [ app_init ] --END-- [ RunTime:0.000177s ]
INFO: [ app_begin ] --START--
INFO: Run Behavior\ReadHtmlCacheBehavior [ RunTime:0.000097s ]
INFO: [ app_begin ] --END-- [ RunTime:0.000158s ]

[ 2016-05-30T11:26:06+08:00 ] 192.168.8.2 /getYourFav
INFO: [ app_init ] --START--
INFO: Run Behavior\BuildLiteBehavior [ RunTime:0.000021s ]
INFO: [ app_init ] --END-- [ RunTime:0.000123s ]
INFO: [ app_begin ] --START--
INFO: Run Behavior\ReadHtmlCacheBehavior [ RunTime:0.000104s ]
INFO: [ app_begin ] --END-- [ RunTime:0.000169s ]

[ 2016-05-30T11:27:38+08:00 ] 192.168.8.2 /login?username=zhangsan&pwd=123456
INFO: [ app_init ] --START--
INFO: Run Behavior\BuildLiteBehavior [ RunTime:0.000013s ]
INFO: [ app_init ] --END-- [ RunTime:0.000096s ]
INFO: [ app_begin ] --START--
INFO: Run Behavior\ReadHtmlCacheBehavior [ RunTime:0.000148s ]
INFO: [ app_begin ] --END-- [ RunTime:0.000189s ]

[ 2016-05-30T11:27:39+08:00 ] 192.168.8.2 /banner?adKind=1
INFO: [ app_init ] --START--
INFO: Run Behavior\BuildLiteBehavior [ RunTime:0.000032s ]
INFO: [ app_init ] --END-- [ RunTime:0.000175s ]
INFO: [ app_begin ] --START--
INFO: Run Behavior\ReadHtmlCacheBehavior [ RunTime:0.000147s ]
INFO: [ app_begin ] --END-- [ RunTime:0.000203s ]

[ 2016-05-30T11:27:39+08:00 ] 192.168.8.2 /seckill
INFO: [ app_init ] --START--
INFO: Run Behavior\BuildLiteBehavior [ RunTime:0.000022s ]
INFO: [ app_init ] --END-- [ RunTime:0.000243s ]
INFO: [ app_begin ] --START--
INFO: Run Behavior\ReadHtmlCacheBehavior [ RunTime:0.000532s ]
INFO: [ app_begin ] --END-- [ RunTime:0.000689s ]

[ 2016-05-30T11:27:39+08:00 ] 192.168.8.2 /banner?adKind=2
INFO: [ app_init ] --START--
INFO: Run Behavior\BuildLiteBehavior [ RunTime:0.000018s ]
INFO: [ app_init ] --END-- [ RunTime:0.000111s ]
INFO: [ app_begin ] --START--
INFO: Run Behavior\ReadHtmlCacheBehavior [ RunTime:0.000486s ]
INFO: [ app_begin ] --END-- [ RunTime:0.000670s ]

[ 2016-05-30T11:27:39+08:00 ] 192.168.8.2 /getYourFav
INFO: [ app_init ] --START--
INFO: Run Behavior\BuildLiteBehavior [ RunTime:0.000020s ]
INFO: [ app_init ] --END-- [ RunTime:0.000120s ]
INFO: [ app_begin ] --START--
INFO: Run Behavior\ReadHtmlCacheBehavior [ RunTime:0.000110s ]
INFO: [ app_begin ] --END-- [ RunTime:0.000179s ]

[ 2016-05-30T11:27:43+08:00 ] 192.168.8.2 /productInfo?id=1
INFO: [ app_init ] --START--
INFO: Run Behavior\BuildLiteBehavior [ RunTime:0.000020s ]
INFO: [ app_init ] --END-- [ RunTime:0.000137s ]
INFO: [ app_begin ] --START--
INFO: Run Behavior\ReadHtmlCacheBehavior [ RunTime:0.000122s ]
INFO: [ app_begin ] --END-- [ RunTime:0.000182s ]
ERR: 非法操作:productInfo

[ 2016-05-30T11:27:43+08:00 ] 192.168.8.2 /productComment?type=1&startIndex=0&endIndex=10&productId=1
INFO: [ app_init ] --START--
INFO: Run Behavior\BuildLiteBehavior [ RunTime:0.000023s ]
INFO: [ app_init ] --END-- [ RunTime:0.000115s ]
INFO: [ app_begin ] --START--
INFO: Run Behavior\ReadHtmlCacheBehavior [ RunTime:0.000139s ]
INFO: [ app_begin ] --END-- [ RunTime:0.000207s ]
ERR: 非法操作:productComment

[ 2016-05-30T11:28:59+08:00 ] 192.168.8.2 /productComment?type=1&startIndex=0&endIndex=10&productId=1
INFO: [ app_init ] --START--
INFO: Run Behavior\BuildLiteBehavior [ RunTime:0.000026s ]
INFO: [ app_init ] --END-- [ RunTime:0.000258s ]
INFO: [ app_begin ] --START--
INFO: Run Behavior\ReadHtmlCacheBehavior [ RunTime:0.000505s ]
INFO: [ app_begin ] --END-- [ RunTime:0.000619s ]
ERR: 非法操作:productComment

[ 2016-05-30T11:33:04+08:00 ] 192.168.8.2 /login?username=zhangsan&pwd=123456
INFO: [ app_init ] --START--
INFO: Run Behavior\BuildLiteBehavior [ RunTime:0.000018s ]
INFO: [ app_init ] --END-- [ RunTime:0.000163s ]
INFO: [ app_begin ] --START--
INFO: Run Behavior\ReadHtmlCacheBehavior [ RunTime:0.000277s ]
INFO: [ app_begin ] --END-- [ RunTime:0.000357s ]

[ 2016-05-30T11:33:04+08:00 ] 192.168.8.2 /banner?adKind=1
INFO: [ app_init ] --START--
INFO: Run Behavior\BuildLiteBehavior [ RunTime:0.000028s ]
INFO: [ app_init ] --END-- [ RunTime:0.000141s ]
INFO: [ app_begin ] --START--
INFO: Run Behavior\ReadHtmlCacheBehavior [ RunTime:0.000162s ]
INFO: [ app_begin ] --END-- [ RunTime:0.000265s ]

[ 2016-05-30T11:33:04+08:00 ] 192.168.8.2 /seckill
INFO: [ app_init ] --START--
INFO: Run Behavior\BuildLiteBehavior [ RunTime:0.000022s ]
INFO: [ app_init ] --END-- [ RunTime:0.000116s ]
INFO: [ app_begin ] --START--
INFO: Run Behavior\ReadHtmlCacheBehavior [ RunTime:0.000090s ]
INFO: [ app_begin ] --END-- [ RunTime:0.000152s ]

[ 2016-05-30T11:33:04+08:00 ] 192.168.8.2 /banner?adKind=2
INFO: [ app_init ] --START--
INFO: Run Behavior\BuildLiteBehavior [ RunTime:0.000034s ]
INFO: [ app_init ] --END-- [ RunTime:0.000149s ]
INFO: [ app_begin ] --START--
INFO: Run Behavior\ReadHtmlCacheBehavior [ RunTime:0.001589s ]
INFO: [ app_begin ] --END-- [ RunTime:0.002002s ]

[ 2016-05-30T11:33:05+08:00 ] 192.168.8.2 /getYourFav
INFO: [ app_init ] --START--
INFO: Run Behavior\BuildLiteBehavior [ RunTime:0.000021s ]
INFO: [ app_init ] --END-- [ RunTime:0.000107s ]
INFO: [ app_begin ] --START--
INFO: Run Behavior\ReadHtmlCacheBehavior [ RunTime:0.000087s ]
INFO: [ app_begin ] --END-- [ RunTime:0.000143s ]

[ 2016-05-30T11:41:23+08:00 ] 192.168.8.183 /
INFO: [ app_init ] --START--
INFO: Run Behavior\BuildLiteBehavior [ RunTime:0.000011s ]
INFO: [ app_init ] --END-- [ RunTime:0.000115s ]
INFO: [ app_begin ] --START--
INFO: Run Behavior\ReadHtmlCacheBehavior [ RunTime:0.000124s ]
INFO: [ app_begin ] --END-- [ RunTime:0.000157s ]
INFO: [ view_parse ] --START--
INFO: Run Behavior\ParseTemplateBehavior [ RunTime:0.000463s ]
INFO: [ view_parse ] --END-- [ RunTime:0.000547s ]
INFO: [ view_filter ] --START--
INFO: Run Behavior\WriteHtmlCacheBehavior [ RunTime:0.000576s ]
INFO: [ view_filter ] --END-- [ RunTime:0.000653s ]
INFO: [ app_end ] --START--
INFO: Run Behavior\ShowPageTraceBehavior [ RunTime:0.000201s ]
INFO: [ app_end ] --END-- [ RunTime:0.000236s ]

[ 2016-05-30T11:41:23+08:00 ] 192.168.8.183 /favicon.ico
INFO: [ app_init ] --START--
INFO: Run Behavior\BuildLiteBehavior [ RunTime:0.000030s ]
INFO: [ app_init ] --END-- [ RunTime:0.000164s ]

[ 2016-05-30T14:09:40+08:00 ] 192.168.8.2 /productComment?type=1&startIndex=0&endIndex=10&productId=1
INFO: [ app_init ] --START--
INFO: Run Behavior\BuildLiteBehavior [ RunTime:0.000064s ]
INFO: [ app_init ] --END-- [ RunTime:0.000440s ]
INFO: [ app_begin ] --START--
INFO: Run Behavior\ReadHtmlCacheBehavior [ RunTime:0.000247s ]
INFO: [ app_begin ] --END-- [ RunTime:0.000303s ]
ERR: 非法操作:productComment

[ 2016-05-30T14:09:43+08:00 ] 192.168.8.2 /login?username=zhangsan&pwd=123456
INFO: [ app_init ] --START--
INFO: Run Behavior\BuildLiteBehavior [ RunTime:0.000017s ]
INFO: [ app_init ] --END-- [ RunTime:0.000116s ]
INFO: [ app_begin ] --START--
INFO: Run Behavior\ReadHtmlCacheBehavior [ RunTime:0.000083s ]
INFO: [ app_begin ] --END-- [ RunTime:0.000127s ]
ERR: 无法加载数据库驱动: Think\Db\Driver\

[ 2016-05-30T14:09:44+08:00 ] 192.168.8.2 /login
INFO: [ app_init ] --START--
INFO: Run Behavior\BuildLiteBehavior [ RunTime:0.000015s ]
INFO: [ app_init ] --END-- [ RunTime:0.000091s ]
INFO: [ app_begin ] --START--
INFO: Run Behavior\ReadHtmlCacheBehavior [ RunTime:0.000055s ]
INFO: [ app_begin ] --END-- [ RunTime:0.000088s ]
ERR: 参数错误或者未定义:username

[ 2016-05-30T14:09:45+08:00 ] 192.168.8.2 /login?username=zhangsan&pwd=123456
INFO: [ app_init ] --START--
INFO: Run Behavior\BuildLiteBehavior [ RunTime:0.000014s ]
INFO: [ app_init ] --END-- [ RunTime:0.000103s ]
INFO: [ app_begin ] --START--
INFO: Run Behavior\ReadHtmlCacheBehavior [ RunTime:0.000076s ]
INFO: [ app_begin ] --END-- [ RunTime:0.000114s ]
ERR: 无法加载数据库驱动: Think\Db\Driver\

[ 2016-05-30T14:23:24+08:00 ] 192.168.8.2 /login
INFO: [ app_init ] --START--
INFO: Run Behavior\BuildLiteBehavior [ RunTime:0.000014s ]
INFO: [ app_init ] --END-- [ RunTime:0.008643s ]
INFO: [ app_begin ] --START--
INFO: Run Behavior\ReadHtmlCacheBehavior [ RunTime:0.019738s ]
INFO: [ app_begin ] --END-- [ RunTime:0.019855s ]
ERR: 参数错误或者未定义:username

[ 2016-05-30T14:23:51+08:00 ] 192.168.8.2 /login
INFO: [ app_init ] --START--
INFO: Run Behavior\BuildLiteBehavior [ RunTime:0.000033s ]
INFO: [ app_init ] --END-- [ RunTime:0.000150s ]
INFO: [ app_begin ] --START--
INFO: Run Behavior\ReadHtmlCacheBehavior [ RunTime:0.000065s ]
INFO: [ app_begin ] --END-- [ RunTime:0.000102s ]
ERR: 参数错误或者未定义:username

[ 2016-05-30T14:24:26+08:00 ] 192.168.8.2 /login?username=zhangsan&pwd=123456
INFO: [ app_init ] --START--
INFO: Run Behavior\BuildLiteBehavior [ RunTime:0.000019s ]
INFO: [ app_init ] --END-- [ RunTime:0.000141s ]
INFO: [ app_begin ] --START--
INFO: Run Behavior\ReadHtmlCacheBehavior [ RunTime:0.000136s ]
INFO: [ app_begin ] --END-- [ RunTime:0.000271s ]
ERR: SQLSTATE[HY000] [1045] Access denied for user ''@'localhost' (using password: NO)

[ 2016-05-30T14:26:30+08:00 ] 192.168.8.2 /login?username=zhangsan&pwd=123456
INFO: [ app_init ] --START--
INFO: Run Behavior\BuildLiteBehavior [ RunTime:0.000017s ]
INFO: [ app_init ] --END-- [ RunTime:0.000156s ]
INFO: [ app_begin ] --START--
INFO: Run Behavior\ReadHtmlCacheBehavior [ RunTime:0.000712s ]
INFO: [ app_begin ] --END-- [ RunTime:0.001022s ]
SQL: SHOW COLUMNS FROM `member` [ RunTime:0.0257s ]

[ 2016-05-30T14:26:54+08:00 ] 192.168.8.2 /login?username=zhangsan&pwd=123456
INFO: [ app_init ] --START--
INFO: Run Behavior\BuildLiteBehavior [ RunTime:0.000022s ]
INFO: [ app_init ] --END-- [ RunTime:0.000146s ]
INFO: [ app_begin ] --START--
INFO: Run Behavior\ReadHtmlCacheBehavior [ RunTime:0.000131s ]
INFO: [ app_begin ] --END-- [ RunTime:0.000207s ]

[ 2016-05-30T14:31:38+08:00 ] 192.168.8.2 /login?username=zhangsan&pwd=123456
INFO: [ app_init ] --START--
INFO: Run Behavior\BuildLiteBehavior [ RunTime:0.000046s ]
INFO: [ app_init ] --END-- [ RunTime:0.001324s ]
INFO: [ app_begin ] --START--
INFO: Run Behavior\ReadHtmlCacheBehavior [ RunTime:0.000161s ]
INFO: [ app_begin ] --END-- [ RunTime:0.000209s ]
SQL: SELECT * FROM `member` WHERE `username` = 'zhangsan' AND `password` = 'e10adc3949ba59abbe56e057f20f883e' LIMIT 1   [ RunTime:0.0092s ]

[ 2016-05-30T14:31:53+08:00 ] 192.168.8.2 /login?username=zhangsan&pwd=123456
INFO: [ app_init ] --START--
INFO: Run Behavior\BuildLiteBehavior [ RunTime:0.000036s ]
INFO: [ app_init ] --END-- [ RunTime:0.000246s ]
INFO: [ app_begin ] --START--
INFO: Run Behavior\ReadHtmlCacheBehavior [ RunTime:0.000408s ]
INFO: [ app_begin ] --END-- [ RunTime:0.000628s ]
SQL: SELECT * FROM `member` WHERE `username` = 'zhangsan' AND `password` = 'e10adc3949ba59abbe56e057f20f883e' LIMIT 1   [ RunTime:0.0013s ]

[ 2016-05-30T14:31:54+08:00 ] 192.168.8.2 /favicon.ico
INFO: [ app_init ] --START--
INFO: Run Behavior\BuildLiteBehavior [ RunTime:0.000014s ]
INFO: [ app_init ] --END-- [ RunTime:0.000099s ]

[ 2016-05-30T14:33:51+08:00 ] 192.168.8.2 /login?username=zhangsan&pwd=123456
INFO: [ app_init ] --START--
INFO: Run Behavior\BuildLiteBehavior [ RunTime:0.000017s ]
INFO: [ app_init ] --END-- [ RunTime:0.000162s ]
INFO: [ app_begin ] --START--
INFO: Run Behavior\ReadHtmlCacheBehavior [ RunTime:0.000465s ]
INFO: [ app_begin ] --END-- [ RunTime:0.000587s ]
SQL: SELECT `id`,nickname as username,user_icon as userIcon,wait_pay_count as waitPayCount,wait_receive_count as waitReceiveCount,user_level as userLevel FROM `member` WHERE `username` = 'zhangsan' AND `password` = 'e10adc3949ba59abbe56e057f20f883e' LIMIT 1   [ RunTime:0.0081s ]

[ 2016-05-30T14:34:37+08:00 ] 192.168.8.2 /login?username=zhangsan&pwd=123456
INFO: [ app_init ] --START--
INFO: Run Behavior\BuildLiteBehavior [ RunTime:0.000017s ]
INFO: [ app_init ] --END-- [ RunTime:0.000165s ]
INFO: [ app_begin ] --START--
INFO: Run Behavior\ReadHtmlCacheBehavior [ RunTime:0.000137s ]
INFO: [ app_begin ] --END-- [ RunTime:0.000222s ]
NOTIC: [8] Undefined index: A E:\wamp\www\jdmall\Application\Home\Controller\IndexController.class.php 第 11 行.
SQL: SELECT `id`,nickname as username,user_icon as userIcon,wait_pay_count as waitPayCount,wait_receive_count as waitReceiveCount,user_level as userLevel FROM `member` WHERE `username` = 'zhangsan' AND `password` = 'e10adc3949ba59abbe56e057f20f883e' LIMIT 1   [ RunTime:0.0007s ]

[ 2016-05-30T14:34:49+08:00 ] 192.168.8.2 /login?username=zhangsan&pwd=123456
INFO: [ app_init ] --START--
INFO: Run Behavior\BuildLiteBehavior [ RunTime:0.000017s ]
INFO: [ app_init ] --END-- [ RunTime:0.000155s ]
INFO: [ app_begin ] --START--
INFO: Run Behavior\ReadHtmlCacheBehavior [ RunTime:0.000191s ]
INFO: [ app_begin ] --END-- [ RunTime:0.000245s ]
SQL: SELECT `id`,nickname as username,user_icon as userIcon,wait_pay_count as waitPayCount,wait_receive_count as waitReceiveCount,user_level as userLevel FROM `member` WHERE `username` = 'zhangsan' AND `password` = 'e10adc3949ba59abbe56e057f20f883e' LIMIT 1   [ RunTime:0.0014s ]

[ 2016-05-30T14:35:48+08:00 ] 192.168.8.2 /login?username=zhangsan&pwd=123456
INFO: [ app_init ] --START--
INFO: Run Behavior\BuildLiteBehavior [ RunTime:0.000015s ]
INFO: [ app_init ] --END-- [ RunTime:0.000119s ]
INFO: [ app_begin ] --START--
INFO: Run Behavior\ReadHtmlCacheBehavior [ RunTime:0.000485s ]
INFO: [ app_begin ] --END-- [ RunTime:0.000771s ]
SQL: SELECT `id`,nickname as username,user_icon as userIcon,wait_pay_count as waitPayCount,wait_receive_count as waitReceiveCount,user_level as userLevel FROM `member` WHERE `username` = 'zhangsan' AND `password` = 'e10adc3949ba59abbe56e057f20f883e' LIMIT 1   [ RunTime:0.0018s ]

[ 2016-05-30T14:36:07+08:00 ] 192.168.8.2 /login?username=zhangsan&pwd=123456
INFO: [ app_init ] --START--
INFO: Run Behavior\BuildLiteBehavior [ RunTime:0.000052s ]
INFO: [ app_init ] --END-- [ RunTime:0.000730s ]
INFO: [ app_begin ] --START--
INFO: Run Behavior\ReadHtmlCacheBehavior [ RunTime:0.000254s ]
INFO: [ app_begin ] --END-- [ RunTime:0.000330s ]
SQL: SELECT `id`,nickname as username,user_icon as userIcon,wait_pay_count as waitPayCount,wait_receive_count as waitReceiveCount,user_level as userLevel FROM `member` WHERE `username` = 'zhangsan' AND `password` = 'e10adc3949ba59abbe56e057f20f883e' LIMIT 1   [ RunTime:0.0013s ]

[ 2016-05-30T14:36:29+08:00 ] 192.168.8.2 /login?username=zhangsan&pwd=123456
INFO: [ app_init ] --START--
INFO: Run Behavior\BuildLiteBehavior [ RunTime:0.000026s ]
INFO: [ app_init ] --END-- [ RunTime:0.000271s ]
INFO: [ app_begin ] --START--
INFO: Run Behavior\ReadHtmlCacheBehavior [ RunTime:0.000101s ]
INFO: [ app_begin ] --END-- [ RunTime:0.000163s ]
SQL: SELECT `id`,nickname as userName,user_icon as userIcon,wait_pay_count as waitPayCount,wait_receive_count as waitReceiveCount,user_level as userLevel FROM `member` WHERE `username` = 'zhangsan' AND `password` = 'e10adc3949ba59abbe56e057f20f883e' LIMIT 1   [ RunTime:0.0007s ]

[ 2016-05-30T14:36:31+08:00 ] 192.168.8.2 /login?username=zhangsan&pwd=123456
INFO: [ app_init ] --START--
INFO: Run Behavior\BuildLiteBehavior [ RunTime:0.000015s ]
INFO: [ app_init ] --END-- [ RunTime:0.000078s ]
INFO: [ app_begin ] --START--
INFO: Run Behavior\ReadHtmlCacheBehavior [ RunTime:0.000091s ]
INFO: [ app_begin ] --END-- [ RunTime:0.000141s ]
SQL: SELECT `id`,nickname as userName,user_icon as userIcon,wait_pay_count as waitPayCount,wait_receive_count as waitReceiveCount,user_level as userLevel FROM `member` WHERE `username` = 'zhangsan' AND `password` = 'e10adc3949ba59abbe56e057f20f883e' LIMIT 1   [ RunTime:0.0005s ]

[ 2016-05-30T14:43:52+08:00 ] 192.168.8.2 /banner?adKind=1
INFO: [ app_init ] --START--
INFO: Run Behavior\BuildLiteBehavior [ RunTime:0.000016s ]
INFO: [ app_init ] --END-- [ RunTime:0.000218s ]
INFO: [ app_begin ] --START--
INFO: Run Behavior\ReadHtmlCacheBehavior [ RunTime:0.001205s ]
INFO: [ app_begin ] --END-- [ RunTime:0.001501s ]
SQL: SHOW COLUMNS FROM `banner` [ RunTime:0.0011s ]
SQL: SELECT `id`,`type`,ad_url as adUrl,web_url as webUrl,ad_kind as adKind FROM `banner` WHERE `ad_kind` = 1  [ RunTime:0.0007s ]

[ 2016-05-30T14:43:57+08:00 ] 192.168.8.2 /banner?adKind=2
INFO: [ app_init ] --START--
INFO: Run Behavior\BuildLiteBehavior [ RunTime:0.000028s ]
INFO: [ app_init ] --END-- [ RunTime:0.000218s ]
INFO: [ app_begin ] --START--
INFO: Run Behavior\ReadHtmlCacheBehavior [ RunTime:0.000126s ]
INFO: [ app_begin ] --END-- [ RunTime:0.000189s ]
SQL: SELECT `id`,`type`,ad_url as adUrl,web_url as webUrl,ad_kind as adKind FROM `banner` WHERE `ad_kind` = 2  [ RunTime:0.0009s ]

[ 2016-05-30T14:53:19+08:00 ] 192.168.8.2 /seckill
INFO: [ app_init ] --START--
INFO: Run Behavior\BuildLiteBehavior [ RunTime:0.000023s ]
INFO: [ app_init ] --END-- [ RunTime:0.000466s ]
INFO: [ app_begin ] --START--
INFO: Run Behavior\ReadHtmlCacheBehavior [ RunTime:0.000797s ]
INFO: [ app_begin ] --END-- [ RunTime:0.001008s ]
SQL: SHOW COLUMNS FROM `second_kill` [ RunTime:0.0014s ]
SQL: SELECT all_price as allPrice,point_price as pointPrice,icon_url as iconUrl,`end_time`,`type`,product_id as productId FROM `second_kill` WHERE `start_time` <= 1464591199 AND `end_time` >= 1464591199  [ RunTime:0.0006s ]

[ 2016-05-30T14:53:59+08:00 ] 192.168.8.2 /seckill
INFO: [ app_init ] --START--
INFO: Run Behavior\BuildLiteBehavior [ RunTime:0.000036s ]
INFO: [ app_init ] --END-- [ RunTime:0.000254s ]
INFO: [ app_begin ] --START--
INFO: Run Behavior\ReadHtmlCacheBehavior [ RunTime:0.000169s ]
INFO: [ app_begin ] --END-- [ RunTime:0.000238s ]
SQL: SELECT all_price as allPrice,point_price as pointPrice,icon_url as iconUrl,`end_time`,`type`,product_id as productId FROM `second_kill` WHERE `start_time` <= 1464591239 AND `end_time` >= 1464591239  [ RunTime:0.0005s ]

[ 2016-05-30T14:54:49+08:00 ] 192.168.8.2 /seckill
INFO: [ app_init ] --START--
INFO: Run Behavior\BuildLiteBehavior [ RunTime:0.000017s ]
INFO: [ app_init ] --END-- [ RunTime:0.000116s ]
INFO: [ app_begin ] --START--
INFO: Run Behavior\ReadHtmlCacheBehavior [ RunTime:0.000098s ]
INFO: [ app_begin ] --END-- [ RunTime:0.000149s ]
SQL: SELECT all_price as allPrice,point_price as pointPrice,icon_url as iconUrl,`end_time`,`type`,product_id as productId FROM `second_kill` WHERE `start_time` <= 1464591289 AND `end_time` >= 1464591289  [ RunTime:0.0034s ]

[ 2016-05-30T14:54:59+08:00 ] 192.168.8.2 /seckill
INFO: [ app_init ] --START--
INFO: Run Behavior\BuildLiteBehavior [ RunTime:0.000017s ]
INFO: [ app_init ] --END-- [ RunTime:0.000121s ]
INFO: [ app_begin ] --START--
INFO: Run Behavior\ReadHtmlCacheBehavior [ RunTime:0.000126s ]
INFO: [ app_begin ] --END-- [ RunTime:0.000202s ]
SQL: SELECT all_price as allPrice,point_price as pointPrice,icon_url as iconUrl,`end_time`,`type`,product_id as productId FROM `second_kill` WHERE `start_time` <= 1464591299 AND `end_time` >= 1464591299  [ RunTime:0.0054s ]

[ 2016-05-30T14:58:54+08:00 ] 192.168.8.2 /getYourFav
INFO: [ app_init ] --START--
INFO: Run Behavior\BuildLiteBehavior [ RunTime:0.000012s ]
INFO: [ app_init ] --END-- [ RunTime:0.000118s ]
INFO: [ app_begin ] --START--
INFO: Run Behavior\ReadHtmlCacheBehavior [ RunTime:0.000152s ]
INFO: [ app_begin ] --END-- [ RunTime:0.000188s ]
SQL: SHOW COLUMNS FROM `favorite` [ RunTime:0.0008s ]
SQL: SELECT `price`,`name`,icon_url as iconUrl,product_id as productId FROM `favorite`  [ RunTime:0.0012s ]

[ 2016-05-30T14:59:15+08:00 ] 192.168.8.2 /getYourFav
INFO: [ app_init ] --START--
INFO: Run Behavior\BuildLiteBehavior [ RunTime:0.000012s ]
INFO: [ app_init ] --END-- [ RunTime:0.000088s ]
INFO: [ app_begin ] --START--
INFO: Run Behavior\ReadHtmlCacheBehavior [ RunTime:0.000063s ]
INFO: [ app_begin ] --END-- [ RunTime:0.000093s ]
SQL: SELECT `price`,`name`,icon_url as iconUrl,product_id as productId FROM `favorite`  [ RunTime:0.0026s ]

[ 2016-05-30T15:01:01+08:00 ] 192.168.8.2 /login?username=zhangsan&pwd=123456
INFO: [ app_init ] --START--
INFO: Run Behavior\BuildLiteBehavior [ RunTime:0.000021s ]
INFO: [ app_init ] --END-- [ RunTime:0.000195s ]
INFO: [ app_begin ] --START--
INFO: Run Behavior\ReadHtmlCacheBehavior [ RunTime:0.000264s ]
INFO: [ app_begin ] --END-- [ RunTime:0.000332s ]
SQL: SELECT `id`,nickname as userName,user_icon as userIcon,wait_pay_count as waitPayCount,wait_receive_count as waitReceiveCount,user_level as userLevel FROM `member` WHERE `username` = 'zhangsan' AND `password` = 'e10adc3949ba59abbe56e057f20f883e' LIMIT 1   [ RunTime:0.0010s ]

[ 2016-05-30T15:01:01+08:00 ] 192.168.8.2 /banner?adKind=1
INFO: [ app_init ] --START--
INFO: Run Behavior\BuildLiteBehavior [ RunTime:0.000026s ]
INFO: [ app_init ] --END-- [ RunTime:0.000187s ]
INFO: [ app_begin ] --START--
INFO: Run Behavior\ReadHtmlCacheBehavior [ RunTime:0.000091s ]
INFO: [ app_begin ] --END-- [ RunTime:0.000170s ]
SQL: SELECT `id`,`type`,ad_url as adUrl,web_url as webUrl,ad_kind as adKind FROM `banner` WHERE `ad_kind` = 1  [ RunTime:0.0006s ]

[ 2016-05-30T15:01:01+08:00 ] 192.168.8.2 /banner?adKind=2
INFO: [ app_init ] --START--
INFO: Run Behavior\BuildLiteBehavior [ RunTime:0.000022s ]
INFO: [ app_init ] --END-- [ RunTime:0.000106s ]
INFO: [ app_begin ] --START--
INFO: Run Behavior\ReadHtmlCacheBehavior [ RunTime:0.000300s ]
INFO: [ app_begin ] --END-- [ RunTime:0.000397s ]
SQL: SELECT `id`,`type`,ad_url as adUrl,web_url as webUrl,ad_kind as adKind FROM `banner` WHERE `ad_kind` = 2  [ RunTime:0.0007s ]

[ 2016-05-30T15:01:01+08:00 ] 192.168.8.2 /seckill
INFO: [ app_init ] --START--
INFO: Run Behavior\BuildLiteBehavior [ RunTime:0.000023s ]
INFO: [ app_init ] --END-- [ RunTime:0.000131s ]
INFO: [ app_begin ] --START--
INFO: Run Behavior\ReadHtmlCacheBehavior [ RunTime:0.000225s ]
INFO: [ app_begin ] --END-- [ RunTime:0.000294s ]
SQL: SELECT all_price as allPrice,point_price as pointPrice,icon_url as iconUrl,`end_time`,`type`,product_id as productId FROM `second_kill` WHERE `start_time` <= 1464591661 AND `end_time` >= 1464591661  [ RunTime:0.0009s ]

[ 2016-05-30T15:01:01+08:00 ] 192.168.8.2 /getYourFav
INFO: [ app_init ] --START--
INFO: Run Behavior\BuildLiteBehavior [ RunTime:0.000028s ]
INFO: [ app_init ] --END-- [ RunTime:0.000163s ]
INFO: [ app_begin ] --START--
INFO: Run Behavior\ReadHtmlCacheBehavior [ RunTime:0.000091s ]
INFO: [ app_begin ] --END-- [ RunTime:0.000157s ]
SQL: SELECT `price`,`name`,icon_url as iconUrl,product_id as productId FROM `favorite`  [ RunTime:0.0011s ]

[ 2016-05-30T15:02:55+08:00 ] 192.168.8.2 /login?username=zhangsan&pwd=123456
INFO: [ app_init ] --START--
INFO: Run Behavior\BuildLiteBehavior [ RunTime:0.000030s ]
INFO: [ app_init ] --END-- [ RunTime:0.000240s ]
INFO: [ app_begin ] --START--
INFO: Run Behavior\ReadHtmlCacheBehavior [ RunTime:0.000131s ]
INFO: [ app_begin ] --END-- [ RunTime:0.000209s ]
SQL: SELECT `id`,nickname as userName,user_icon as userIcon,wait_pay_count as waitPayCount,wait_receive_count as waitReceiveCount,user_level as userLevel FROM `member` WHERE `username` = 'zhangsan' AND `password` = 'e10adc3949ba59abbe56e057f20f883e' LIMIT 1   [ RunTime:0.0008s ]

[ 2016-05-30T15:02:55+08:00 ] 192.168.8.2 /banner?adKind=1
INFO: [ app_init ] --START--
INFO: Run Behavior\BuildLiteBehavior [ RunTime:0.000031s ]
INFO: [ app_init ] --END-- [ RunTime:0.000167s ]
INFO: [ app_begin ] --START--
INFO: Run Behavior\ReadHtmlCacheBehavior [ RunTime:0.000234s ]
INFO: [ app_begin ] --END-- [ RunTime:0.000402s ]
SQL: SELECT `id`,`type`,ad_url as adUrl,web_url as webUrl,ad_kind as adKind FROM `banner` WHERE `ad_kind` = 1  [ RunTime:0.0012s ]

[ 2016-05-30T15:02:55+08:00 ] 192.168.8.2 /banner?adKind=2
INFO: [ app_init ] --START--
INFO: Run Behavior\BuildLiteBehavior [ RunTime:0.000026s ]
INFO: [ app_init ] --END-- [ RunTime:0.000206s ]
INFO: [ app_begin ] --START--
INFO: Run Behavior\ReadHtmlCacheBehavior [ RunTime:0.000146s ]
INFO: [ app_begin ] --END-- [ RunTime:0.000237s ]
SQL: SELECT `id`,`type`,ad_url as adUrl,web_url as webUrl,ad_kind as adKind FROM `banner` WHERE `ad_kind` = 2  [ RunTime:0.0007s ]

[ 2016-05-30T15:02:55+08:00 ] 192.168.8.2 /seckill
INFO: [ app_init ] --START--
INFO: Run Behavior\BuildLiteBehavior [ RunTime:0.000020s ]
INFO: [ app_init ] --END-- [ RunTime:0.000102s ]
INFO: [ app_begin ] --START--
INFO: Run Behavior\ReadHtmlCacheBehavior [ RunTime:0.000106s ]
INFO: [ app_begin ] --END-- [ RunTime:0.000173s ]
SQL: SELECT all_price as allPrice,point_price as pointPrice,icon_url as iconUrl,`end_time`,`type`,product_id as productId FROM `second_kill` WHERE `start_time` <= 1464591775 AND `end_time` >= 1464591775  [ RunTime:0.0007s ]

[ 2016-05-30T15:02:55+08:00 ] 192.168.8.2 /getYourFav
INFO: [ app_init ] --START--
INFO: Run Behavior\BuildLiteBehavior [ RunTime:0.000010s ]
INFO: [ app_init ] --END-- [ RunTime:0.000091s ]
INFO: [ app_begin ] --START--
INFO: Run Behavior\ReadHtmlCacheBehavior [ RunTime:0.000054s ]
INFO: [ app_begin ] --END-- [ RunTime:0.000087s ]
SQL: SELECT `price`,`name`,icon_url as iconUrl,product_id as productId FROM `favorite`  [ RunTime:0.0005s ]

[ 2016-05-30T15:03:12+08:00 ] 192.168.8.2 /login?username=zhangsan&pwd=123456
INFO: [ app_init ] --START--
INFO: Run Behavior\BuildLiteBehavior [ RunTime:0.000046s ]
INFO: [ app_init ] --END-- [ RunTime:0.000311s ]
INFO: [ app_begin ] --START--
INFO: Run Behavior\ReadHtmlCacheBehavior [ RunTime:0.000511s ]
INFO: [ app_begin ] --END-- [ RunTime:0.000665s ]
SQL: SELECT `id`,nickname as userName,user_icon as userIcon,wait_pay_count as waitPayCount,wait_receive_count as waitReceiveCount,user_level as userLevel FROM `member` WHERE `username` = 'zhangsan' AND `password` = 'e10adc3949ba59abbe56e057f20f883e' LIMIT 1   [ RunTime:0.0013s ]

[ 2016-05-30T15:04:09+08:00 ] 192.168.8.2 /banner?adKind=1
INFO: [ app_init ] --START--
INFO: Run Behavior\BuildLiteBehavior [ RunTime:0.000019s ]
INFO: [ app_init ] --END-- [ RunTime:0.000163s ]
INFO: [ app_begin ] --START--
INFO: Run Behavior\ReadHtmlCacheBehavior [ RunTime:0.000165s ]
INFO: [ app_begin ] --END-- [ RunTime:0.000245s ]
SQL: SELECT `id`,`type`,ad_url as adUrl,web_url as webUrl,ad_kind as adKind FROM `banner` WHERE `ad_kind` = 1  [ RunTime:0.0005s ]

[ 2016-05-30T15:04:26+08:00 ] 192.168.8.2 /banner?adKind=2
INFO: [ app_init ] --START--
INFO: Run Behavior\BuildLiteBehavior [ RunTime:0.000023s ]
INFO: [ app_init ] --END-- [ RunTime:0.000196s ]
INFO: [ app_begin ] --START--
INFO: Run Behavior\ReadHtmlCacheBehavior [ RunTime:0.000563s ]
INFO: [ app_begin ] --END-- [ RunTime:0.000751s ]
SQL: SELECT `id`,`type`,ad_url as adUrl,web_url as webUrl,ad_kind as adKind FROM `banner` WHERE `ad_kind` = 2  [ RunTime:0.0008s ]

[ 2016-05-30T15:05:35+08:00 ] 192.168.8.2 /seckill
INFO: [ app_init ] --START--
INFO: Run Behavior\BuildLiteBehavior [ RunTime:0.000018s ]
INFO: [ app_init ] --END-- [ RunTime:0.000184s ]
INFO: [ app_begin ] --START--
INFO: Run Behavior\ReadHtmlCacheBehavior [ RunTime:0.000157s ]
INFO: [ app_begin ] --END-- [ RunTime:0.000201s ]
SQL: SELECT all_price as allPrice,point_price as pointPrice,icon_url as iconUrl,`end_time`,`type`,product_id as productId FROM `second_kill` WHERE `start_time` <= 1464591935 AND `end_time` >= 1464591935  [ RunTime:0.0004s ]

[ 2016-05-30T15:05:47+08:00 ] 192.168.8.2 /getYourFav
INFO: [ app_init ] --START--
INFO: Run Behavior\BuildLiteBehavior [ RunTime:0.000017s ]
INFO: [ app_init ] --END-- [ RunTime:0.000122s ]
INFO: [ app_begin ] --START--
INFO: Run Behavior\ReadHtmlCacheBehavior [ RunTime:0.000068s ]
INFO: [ app_begin ] --END-- [ RunTime:0.000105s ]
SQL: SELECT `price`,`name`,icon_url as iconUrl,product_id as productId FROM `favorite`  [ RunTime:0.0002s ]

[ 2016-05-30T15:06:11+08:00 ] 192.168.8.2 /banner?adKind=1
INFO: [ app_init ] --START--
INFO: Run Behavior\BuildLiteBehavior [ RunTime:0.000026s ]
INFO: [ app_init ] --END-- [ RunTime:0.000155s ]
INFO: [ app_begin ] --START--
INFO: Run Behavior\ReadHtmlCacheBehavior [ RunTime:0.000129s ]
INFO: [ app_begin ] --END-- [ RunTime:0.000201s ]
SQL: SELECT `id`,`type`,ad_url as adUrl,web_url as webUrl,ad_kind as adKind FROM `banner` WHERE `ad_kind` = 1  [ RunTime:0.0029s ]

[ 2016-05-30T15:06:26+08:00 ] 192.168.8.2 /banner?adKind=1
INFO: [ app_init ] --START--
INFO: Run Behavior\BuildLiteBehavior [ RunTime:0.000043s ]
INFO: [ app_init ] --END-- [ RunTime:0.000175s ]
INFO: [ app_begin ] --START--
INFO: Run Behavior\ReadHtmlCacheBehavior [ RunTime:0.000278s ]
INFO: [ app_begin ] --END-- [ RunTime:0.000420s ]
SQL: SELECT `id`,`type`,ad_url as adUrl,web_url as webUrl,ad_kind as adKind FROM `banner` WHERE `ad_kind` = 1  [ RunTime:0.0025s ]

[ 2016-05-30T15:06:33+08:00 ] 192.168.8.2 /login?username=zhangsan&pwd=123456
INFO: [ app_init ] --START--
INFO: Run Behavior\BuildLiteBehavior [ RunTime:0.000028s ]
INFO: [ app_init ] --END-- [ RunTime:0.000585s ]
INFO: [ app_begin ] --START--
INFO: Run Behavior\ReadHtmlCacheBehavior [ RunTime:0.000156s ]
INFO: [ app_begin ] --END-- [ RunTime:0.000204s ]
SQL: SELECT `id`,nickname as userName,user_icon as userIcon,wait_pay_count as waitPayCount,wait_receive_count as waitReceiveCount,user_level as userLevel FROM `member` WHERE `username` = 'zhangsan' AND `password` = 'e10adc3949ba59abbe56e057f20f883e' LIMIT 1   [ RunTime:0.0004s ]

[ 2016-05-30T15:06:34+08:00 ] 192.168.8.2 /banner?adKind=1
INFO: [ app_init ] --START--
INFO: Run Behavior\BuildLiteBehavior [ RunTime:0.000017s ]
INFO: [ app_init ] --END-- [ RunTime:0.000107s ]
INFO: [ app_begin ] --START--
INFO: Run Behavior\ReadHtmlCacheBehavior [ RunTime:0.000093s ]
INFO: [ app_begin ] --END-- [ RunTime:0.000140s ]
SQL: SELECT `id`,`type`,ad_url as adUrl,web_url as webUrl,ad_kind as adKind FROM `banner` WHERE `ad_kind` = 1  [ RunTime:0.0005s ]

[ 2016-05-30T15:06:34+08:00 ] 192.168.8.2 /banner?adKind=2
INFO: [ app_init ] --START--
INFO: Run Behavior\BuildLiteBehavior [ RunTime:0.000019s ]
INFO: [ app_init ] --END-- [ RunTime:0.000119s ]
INFO: [ app_begin ] --START--
INFO: Run Behavior\ReadHtmlCacheBehavior [ RunTime:0.000185s ]
INFO: [ app_begin ] --END-- [ RunTime:0.000243s ]
SQL: SELECT `id`,`type`,ad_url as adUrl,web_url as webUrl,ad_kind as adKind FROM `banner` WHERE `ad_kind` = 2  [ RunTime:0.0008s ]

[ 2016-05-30T15:06:34+08:00 ] 192.168.8.2 /seckill
INFO: [ app_init ] --START--
INFO: Run Behavior\BuildLiteBehavior [ RunTime:0.000020s ]
INFO: [ app_init ] --END-- [ RunTime:0.000113s ]
INFO: [ app_begin ] --START--
INFO: Run Behavior\ReadHtmlCacheBehavior [ RunTime:0.000233s ]
INFO: [ app_begin ] --END-- [ RunTime:0.000295s ]
SQL: SELECT all_price as allPrice,point_price as pointPrice,icon_url as iconUrl,`end_time`,`type`,product_id as productId FROM `second_kill` WHERE `start_time` <= 1464591994 AND `end_time` >= 1464591994  [ RunTime:0.0009s ]

[ 2016-05-30T15:06:34+08:00 ] 192.168.8.2 /getYourFav
INFO: [ app_init ] --START--
INFO: Run Behavior\BuildLiteBehavior [ RunTime:0.000010s ]
INFO: [ app_init ] --END-- [ RunTime:0.000062s ]
INFO: [ app_begin ] --START--
INFO: Run Behavior\ReadHtmlCacheBehavior [ RunTime:0.000049s ]
INFO: [ app_begin ] --END-- [ RunTime:0.000078s ]
SQL: SELECT `price`,`name`,icon_url as iconUrl,product_id as productId FROM `favorite`  [ RunTime:0.0003s ]

[ 2016-05-30T15:09:47+08:00 ] 192.168.8.2 /banner?adKind=1
INFO: [ app_init ] --START--
INFO: Run Behavior\BuildLiteBehavior [ RunTime:0.000010s ]
INFO: [ app_init ] --END-- [ RunTime:0.000099s ]
INFO: [ app_begin ] --START--
INFO: Run Behavior\ReadHtmlCacheBehavior [ RunTime:0.000159s ]
INFO: [ app_begin ] --END-- [ RunTime:0.000191s ]
SQL: SELECT `id`,`type`,ad_url as adUrl,web_url as webUrl,ad_kind as adKind FROM `banner` WHERE `ad_kind` = 1  [ RunTime:0.0018s ]

[ 2016-05-30T15:09:50+08:00 ] 192.168.8.2 /banner?adKind=2
INFO: [ app_init ] --START--
INFO: Run Behavior\BuildLiteBehavior [ RunTime:0.000025s ]
INFO: [ app_init ] --END-- [ RunTime:0.000165s ]
INFO: [ app_begin ] --START--
INFO: Run Behavior\ReadHtmlCacheBehavior [ RunTime:0.000142s ]
INFO: [ app_begin ] --END-- [ RunTime:0.000244s ]
SQL: SELECT `id`,`type`,ad_url as adUrl,web_url as webUrl,ad_kind as adKind FROM `banner` WHERE `ad_kind` = 2  [ RunTime:0.0010s ]

[ 2016-05-30T15:10:58+08:00 ] 192.168.8.2 /seckill
INFO: [ app_init ] --START--
INFO: Run Behavior\BuildLiteBehavior [ RunTime:0.000022s ]
INFO: [ app_init ] --END-- [ RunTime:0.000172s ]
INFO: [ app_begin ] --START--
INFO: Run Behavior\ReadHtmlCacheBehavior [ RunTime:0.000155s ]
INFO: [ app_begin ] --END-- [ RunTime:0.000229s ]
SQL: SELECT all_price as allPrice,point_price as pointPrice,icon_url as iconUrl,`end_time`,`type`,product_id as productId FROM `second_kill` WHERE `start_time` <= 1464592258 AND `end_time` >= 1464592258  [ RunTime:0.0009s ]

[ 2016-05-30T15:11:34+08:00 ] 192.168.8.2 /getYourFav
INFO: [ app_init ] --START--
INFO: Run Behavior\BuildLiteBehavior [ RunTime:0.000015s ]
INFO: [ app_init ] --END-- [ RunTime:0.000106s ]
INFO: [ app_begin ] --START--
INFO: Run Behavior\ReadHtmlCacheBehavior [ RunTime:0.000125s ]
INFO: [ app_begin ] --END-- [ RunTime:0.000169s ]
SQL: SELECT `price`,`name`,icon_url as iconUrl,product_id as productId FROM `favorite`  [ RunTime:0.0006s ]

[ 2016-05-30T15:11:36+08:00 ] 192.168.8.2 /seckill
INFO: [ app_init ] --START--
INFO: Run Behavior\BuildLiteBehavior [ RunTime:0.000033s ]
INFO: [ app_init ] --END-- [ RunTime:0.000212s ]
INFO: [ app_begin ] --START--
INFO: Run Behavior\ReadHtmlCacheBehavior [ RunTime:0.000453s ]
INFO: [ app_begin ] --END-- [ RunTime:0.000617s ]
SQL: SELECT all_price as allPrice,point_price as pointPrice,icon_url as iconUrl,`end_time`,`type`,product_id as productId FROM `second_kill` WHERE `start_time` <= 1464592296 AND `end_time` >= 1464592296  [ RunTime:0.0008s ]

[ 2016-05-30T15:11:57+08:00 ] 192.168.8.2 /seckill
INFO: [ app_init ] --START--
INFO: Run Behavior\BuildLiteBehavior [ RunTime:0.000019s ]
INFO: [ app_init ] --END-- [ RunTime:0.000175s ]
INFO: [ app_begin ] --START--
INFO: Run Behavior\ReadHtmlCacheBehavior [ RunTime:0.000212s ]
INFO: [ app_begin ] --END-- [ RunTime:0.000271s ]
SQL: SELECT all_price as allPrice,point_price as pointPrice,icon_url as iconUrl,`end_time`,`type`,product_id as productId FROM `second_kill` WHERE `start_time` <= 1464592317 AND `end_time` >= 1464592317  [ RunTime:0.0027s ]

[ 2016-05-30T15:12:08+08:00 ] 192.168.8.2 /login?username=zhangsan&pwd=123456
INFO: [ app_init ] --START--
INFO: Run Behavior\BuildLiteBehavior [ RunTime:0.000024s ]
INFO: [ app_init ] --END-- [ RunTime:0.000129s ]
INFO: [ app_begin ] --START--
INFO: Run Behavior\ReadHtmlCacheBehavior [ RunTime:0.000148s ]
INFO: [ app_begin ] --END-- [ RunTime:0.000210s ]
SQL: SELECT `id`,nickname as userName,user_icon as userIcon,wait_pay_count as waitPayCount,wait_receive_count as waitReceiveCount,user_level as userLevel FROM `member` WHERE `username` = 'zhangsan' AND `password` = 'e10adc3949ba59abbe56e057f20f883e' LIMIT 1   [ RunTime:0.0006s ]

[ 2016-05-30T15:12:09+08:00 ] 192.168.8.2 /banner?adKind=1
INFO: [ app_init ] --START--
INFO: Run Behavior\BuildLiteBehavior [ RunTime:0.000025s ]
INFO: [ app_init ] --END-- [ RunTime:0.000140s ]
INFO: [ app_begin ] --START--
INFO: Run Behavior\ReadHtmlCacheBehavior [ RunTime:0.000105s ]
INFO: [ app_begin ] --END-- [ RunTime:0.000167s ]
SQL: SELECT `id`,`type`,ad_url as adUrl,web_url as webUrl,ad_kind as adKind FROM `banner` WHERE `ad_kind` = 1  [ RunTime:0.0007s ]

[ 2016-05-30T15:12:09+08:00 ] 192.168.8.2 /banner?adKind=2
INFO: [ app_init ] --START--
INFO: Run Behavior\BuildLiteBehavior [ RunTime:0.000029s ]
INFO: [ app_init ] --END-- [ RunTime:0.000170s ]
INFO: [ app_begin ] --START--
INFO: Run Behavior\ReadHtmlCacheBehavior [ RunTime:0.000267s ]
INFO: [ app_begin ] --END-- [ RunTime:0.000343s ]
SQL: SELECT `id`,`type`,ad_url as adUrl,web_url as webUrl,ad_kind as adKind FROM `banner` WHERE `ad_kind` = 2  [ RunTime:0.0012s ]

[ 2016-05-30T15:12:09+08:00 ] 192.168.8.2 /getYourFav
INFO: [ app_init ] --START--
INFO: Run Behavior\BuildLiteBehavior [ RunTime:0.000017s ]
INFO: [ app_init ] --END-- [ RunTime:0.000104s ]
INFO: [ app_begin ] --START--
INFO: Run Behavior\ReadHtmlCacheBehavior [ RunTime:0.000092s ]
INFO: [ app_begin ] --END-- [ RunTime:0.000150s ]
SQL: SELECT `price`,`name`,icon_url as iconUrl,product_id as productId FROM `favorite`  [ RunTime:0.0017s ]

[ 2016-05-30T15:12:09+08:00 ] 192.168.8.2 /seckill
INFO: [ app_init ] --START--
INFO: Run Behavior\BuildLiteBehavior [ RunTime:0.000017s ]
INFO: [ app_init ] --END-- [ RunTime:0.000102s ]
INFO: [ app_begin ] --START--
INFO: Run Behavior\ReadHtmlCacheBehavior [ RunTime:0.000240s ]
INFO: [ app_begin ] --END-- [ RunTime:0.000418s ]
SQL: SELECT all_price as allPrice,point_price as pointPrice,icon_url as iconUrl,`end_time`,`type`,product_id as productId FROM `second_kill` WHERE `start_time` <= 1464592329 AND `end_time` >= 1464592329  [ RunTime:0.0127s ]

[ 2016-05-30T15:12:55+08:00 ] 192.168.8.2 /login?username=zhangsan&pwd=123456
INFO: [ app_init ] --START--
INFO: Run Behavior\BuildLiteBehavior [ RunTime:0.000039s ]
INFO: [ app_init ] --END-- [ RunTime:0.000495s ]
INFO: [ app_begin ] --START--
INFO: Run Behavior\ReadHtmlCacheBehavior [ RunTime:0.000101s ]
INFO: [ app_begin ] --END-- [ RunTime:0.000156s ]
SQL: SELECT `id`,nickname as userName,user_icon as userIcon,wait_pay_count as waitPayCount,wait_receive_count as waitReceiveCount,user_level as userLevel FROM `member` WHERE `username` = 'zhangsan' AND `password` = 'e10adc3949ba59abbe56e057f20f883e' LIMIT 1   [ RunTime:0.0005s ]

[ 2016-05-30T15:12:55+08:00 ] 192.168.8.2 /banner?adKind=1
INFO: [ app_init ] --START--
INFO: Run Behavior\BuildLiteBehavior [ RunTime:0.000105s ]
INFO: [ app_init ] --END-- [ RunTime:0.000412s ]
INFO: [ app_begin ] --START--
INFO: Run Behavior\ReadHtmlCacheBehavior [ RunTime:0.000097s ]
INFO: [ app_begin ] --END-- [ RunTime:0.000154s ]
SQL: SELECT `id`,`type`,ad_url as adUrl,web_url as webUrl,ad_kind as adKind FROM `banner` WHERE `ad_kind` = 1  [ RunTime:0.0004s ]

[ 2016-05-30T15:12:55+08:00 ] 192.168.8.2 /banner?adKind=2
INFO: [ app_init ] --START--
INFO: Run Behavior\BuildLiteBehavior [ RunTime:0.000029s ]
INFO: [ app_init ] --END-- [ RunTime:0.000165s ]
INFO: [ app_begin ] --START--
INFO: Run Behavior\ReadHtmlCacheBehavior [ RunTime:0.000204s ]
INFO: [ app_begin ] --END-- [ RunTime:0.000274s ]
SQL: SELECT `id`,`type`,ad_url as adUrl,web_url as webUrl,ad_kind as adKind FROM `banner` WHERE `ad_kind` = 2  [ RunTime:0.0005s ]

[ 2016-05-30T15:12:55+08:00 ] 192.168.8.2 /seckill
INFO: [ app_init ] --START--
INFO: Run Behavior\BuildLiteBehavior [ RunTime:0.000024s ]
INFO: [ app_init ] --END-- [ RunTime:0.000126s ]
INFO: [ app_begin ] --START--
INFO: Run Behavior\ReadHtmlCacheBehavior [ RunTime:0.000083s ]
INFO: [ app_begin ] --END-- [ RunTime:0.000134s ]
SQL: SELECT all_price as allPrice,point_price as pointPrice,icon_url as iconUrl,`end_time`,`type`,product_id as productId FROM `second_kill` WHERE `start_time` <= 1464592375 AND `end_time` >= 1464592375  [ RunTime:0.0006s ]

[ 2016-05-30T15:12:56+08:00 ] 192.168.8.2 /getYourFav
INFO: [ app_init ] --START--
INFO: Run Behavior\BuildLiteBehavior [ RunTime:0.000018s ]
INFO: [ app_init ] --END-- [ RunTime:0.000111s ]
INFO: [ app_begin ] --START--
INFO: Run Behavior\ReadHtmlCacheBehavior [ RunTime:0.000083s ]
INFO: [ app_begin ] --END-- [ RunTime:0.000133s ]
SQL: SELECT `price`,`name`,icon_url as iconUrl,product_id as productId FROM `favorite`  [ RunTime:0.0005s ]

[ 2016-05-30T15:14:31+08:00 ] 192.168.8.2 /banner?adKind=2
INFO: [ app_init ] --START--
INFO: Run Behavior\BuildLiteBehavior [ RunTime:0.000018s ]
INFO: [ app_init ] --END-- [ RunTime:0.000165s ]
INFO: [ app_begin ] --START--
INFO: Run Behavior\ReadHtmlCacheBehavior [ RunTime:0.000241s ]
INFO: [ app_begin ] --END-- [ RunTime:0.000293s ]
SQL: SELECT `id`,`type`,ad_url as adUrl,web_url as webUrl,ad_kind as adKind FROM `banner` WHERE `ad_kind` = 2  [ RunTime:0.0003s ]

[ 2016-05-30T15:14:31+08:00 ] 192.168.8.2 /seckill
INFO: [ app_init ] --START--
INFO: Run Behavior\BuildLiteBehavior [ RunTime:0.000016s ]
INFO: [ app_init ] --END-- [ RunTime:0.000094s ]
INFO: [ app_begin ] --START--
INFO: Run Behavior\ReadHtmlCacheBehavior [ RunTime:0.000162s ]
INFO: [ app_begin ] --END-- [ RunTime:0.000215s ]
SQL: SELECT all_price as allPrice,point_price as pointPrice,icon_url as iconUrl,`end_time`,`type`,product_id as productId FROM `second_kill` WHERE `start_time` <= 1464592471 AND `end_time` >= 1464592471  [ RunTime:0.0005s ]

[ 2016-05-30T15:14:31+08:00 ] 192.168.8.2 /getYourFav
INFO: [ app_init ] --START--
INFO: Run Behavior\BuildLiteBehavior [ RunTime:0.000018s ]
INFO: [ app_init ] --END-- [ RunTime:0.000093s ]
INFO: [ app_begin ] --START--
INFO: Run Behavior\ReadHtmlCacheBehavior [ RunTime:0.000522s ]
INFO: [ app_begin ] --END-- [ RunTime:0.000682s ]
SQL: SELECT `price`,`name`,icon_url as iconUrl,product_id as productId FROM `favorite`  [ RunTime:0.0003s ]

[ 2016-05-30T15:14:44+08:00 ] 192.168.8.2 /login?username=lisi&pwd=123456
INFO: [ app_init ] --START--
INFO: Run Behavior\BuildLiteBehavior [ RunTime:0.000046s ]
INFO: [ app_init ] --END-- [ RunTime:0.000405s ]
INFO: [ app_begin ] --START--
INFO: Run Behavior\ReadHtmlCacheBehavior [ RunTime:0.000088s ]
INFO: [ app_begin ] --END-- [ RunTime:0.000129s ]
SQL: SELECT `id`,nickname as userName,user_icon as userIcon,wait_pay_count as waitPayCount,wait_receive_count as waitReceiveCount,user_level as userLevel FROM `member` WHERE `username` = 'lisi' AND `password` = 'e10adc3949ba59abbe56e057f20f883e' LIMIT 1   [ RunTime:0.0010s ]

[ 2016-05-30T15:14:44+08:00 ] 192.168.8.2 /banner?adKind=1
INFO: [ app_init ] --START--
INFO: Run Behavior\BuildLiteBehavior [ RunTime:0.000012s ]
INFO: [ app_init ] --END-- [ RunTime:0.000073s ]
INFO: [ app_begin ] --START--
INFO: Run Behavior\ReadHtmlCacheBehavior [ RunTime:0.000102s ]
INFO: [ app_begin ] --END-- [ RunTime:0.000161s ]
SQL: SELECT `id`,`type`,ad_url as adUrl,web_url as webUrl,ad_kind as adKind FROM `banner` WHERE `ad_kind` = 1  [ RunTime:0.0004s ]

[ 2016-05-30T15:14:44+08:00 ] 192.168.8.2 /seckill
INFO: [ app_init ] --START--
INFO: Run Behavior\BuildLiteBehavior [ RunTime:0.000031s ]
INFO: [ app_init ] --END-- [ RunTime:0.000169s ]
INFO: [ app_begin ] --START--
INFO: Run Behavior\ReadHtmlCacheBehavior [ RunTime:0.000399s ]
INFO: [ app_begin ] --END-- [ RunTime:0.000626s ]
SQL: SELECT all_price as allPrice,point_price as pointPrice,icon_url as iconUrl,`end_time`,`type`,product_id as productId FROM `second_kill` WHERE `start_time` <= 1464592484 AND `end_time` >= 1464592484  [ RunTime:0.0008s ]

[ 2016-05-30T15:14:44+08:00 ] 192.168.8.2 /banner?adKind=2
INFO: [ app_init ] --START--
INFO: Run Behavior\BuildLiteBehavior [ RunTime:0.000018s ]
INFO: [ app_init ] --END-- [ RunTime:0.000104s ]
INFO: [ app_begin ] --START--
INFO: Run Behavior\ReadHtmlCacheBehavior [ RunTime:0.000084s ]
INFO: [ app_begin ] --END-- [ RunTime:0.000136s ]
SQL: SELECT `id`,`type`,ad_url as adUrl,web_url as webUrl,ad_kind as adKind FROM `banner` WHERE `ad_kind` = 2  [ RunTime:0.0005s ]

[ 2016-05-30T15:14:44+08:00 ] 192.168.8.2 /getYourFav
INFO: [ app_init ] --START--
INFO: Run Behavior\BuildLiteBehavior [ RunTime:0.000030s ]
INFO: [ app_init ] --END-- [ RunTime:0.000164s ]
INFO: [ app_begin ] --START--
INFO: Run Behavior\ReadHtmlCacheBehavior [ RunTime:0.000107s ]
INFO: [ app_begin ] --END-- [ RunTime:0.000171s ]
SQL: SELECT `price`,`name`,icon_url as iconUrl,product_id as productId FROM `favorite`  [ RunTime:0.0005s ]

[ 2016-05-30T15:15:03+08:00 ] 192.168.8.2 /getOrderByStatus?userId=2
INFO: [ app_init ] --START--
INFO: Run Behavior\BuildLiteBehavior [ RunTime:0.000013s ]
INFO: [ app_init ] --END-- [ RunTime:0.000097s ]
INFO: [ app_begin ] --START--
INFO: Run Behavior\ReadHtmlCacheBehavior [ RunTime:0.000068s ]
INFO: [ app_begin ] --END-- [ RunTime:0.000110s ]
ERR: 非法操作:getOrderByStatus

[ 2016-05-30T15:38:09+08:00 ] 192.168.8.44 /
INFO: [ app_init ] --START--
INFO: Run Behavior\BuildLiteBehavior [ RunTime:0.000015s ]
INFO: [ app_init ] --END-- [ RunTime:0.000148s ]
INFO: [ app_begin ] --START--
INFO: Run Behavior\ReadHtmlCacheBehavior [ RunTime:0.000128s ]
INFO: [ app_begin ] --END-- [ RunTime:0.000164s ]
INFO: [ view_parse ] --START--
INFO: Run Behavior\ParseTemplateBehavior [ RunTime:0.009893s ]
INFO: [ view_parse ] --END-- [ RunTime:0.010359s ]
INFO: [ view_filter ] --START--
INFO: Run Behavior\WriteHtmlCacheBehavior [ RunTime:0.006492s ]
INFO: [ view_filter ] --END-- [ RunTime:0.006532s ]
INFO: [ app_end ] --START--
INFO: Run Behavior\ShowPageTraceBehavior [ RunTime:0.005642s ]
INFO: [ app_end ] --END-- [ RunTime:0.005686s ]

[ 2016-05-30T15:38:14+08:00 ] 192.168.8.44 /
INFO: [ app_init ] --START--
INFO: Run Behavior\BuildLiteBehavior [ RunTime:0.000025s ]
INFO: [ app_init ] --END-- [ RunTime:0.000178s ]
INFO: [ app_begin ] --START--
INFO: Run Behavior\ReadHtmlCacheBehavior [ RunTime:0.000137s ]
INFO: [ app_begin ] --END-- [ RunTime:0.000211s ]
INFO: [ view_parse ] --START--
INFO: Run Behavior\ParseTemplateBehavior [ RunTime:0.000495s ]
INFO: [ view_parse ] --END-- [ RunTime:0.000762s ]
INFO: [ view_filter ] --START--
INFO: Run Behavior\WriteHtmlCacheBehavior [ RunTime:0.000273s ]
INFO: [ view_filter ] --END-- [ RunTime:0.000358s ]
INFO: [ app_end ] --START--
INFO: Run Behavior\ShowPageTraceBehavior [ RunTime:0.000862s ]
INFO: [ app_end ] --END-- [ RunTime:0.000999s ]

[ 2016-05-30T15:38:17+08:00 ] 192.168.8.44 /
INFO: [ app_init ] --START--
INFO: Run Behavior\BuildLiteBehavior [ RunTime:0.000010s ]
INFO: [ app_init ] --END-- [ RunTime:0.000106s ]
INFO: [ app_begin ] --START--
INFO: Run Behavior\ReadHtmlCacheBehavior [ RunTime:0.000139s ]
INFO: [ app_begin ] --END-- [ RunTime:0.000173s ]
INFO: [ view_parse ] --START--
INFO: Run Behavior\ParseTemplateBehavior [ RunTime:0.000159s ]
INFO: [ view_parse ] --END-- [ RunTime:0.000204s ]
INFO: [ view_filter ] --START--
INFO: Run Behavior\WriteHtmlCacheBehavior [ RunTime:0.000100s ]
INFO: [ view_filter ] --END-- [ RunTime:0.000124s ]
INFO: [ app_end ] --START--
INFO: Run Behavior\ShowPageTraceBehavior [ RunTime:0.000116s ]
INFO: [ app_end ] --END-- [ RunTime:0.000150s ]

[ 2016-05-30T15:38:19+08:00 ] 192.168.8.44 /
INFO: [ app_init ] --START--
INFO: Run Behavior\BuildLiteBehavior [ RunTime:0.000010s ]
INFO: [ app_init ] --END-- [ RunTime:0.000096s ]
INFO: [ app_begin ] --START--
INFO: Run Behavior\ReadHtmlCacheBehavior [ RunTime:0.000114s ]
INFO: [ app_begin ] --END-- [ RunTime:0.000147s ]
INFO: [ view_parse ] --START--
INFO: Run Behavior\ParseTemplateBehavior [ RunTime:0.000171s ]
INFO: [ view_parse ] --END-- [ RunTime:0.000225s ]
INFO: [ view_filter ] --START--
INFO: Run Behavior\WriteHtmlCacheBehavior [ RunTime:0.000114s ]
INFO: [ view_filter ] --END-- [ RunTime:0.000144s ]
INFO: [ app_end ] --START--
INFO: Run Behavior\ShowPageTraceBehavior [ RunTime:0.000137s ]
INFO: [ app_end ] --END-- [ RunTime:0.000164s ]

